{"C:\\Users\\amnav\\Desktop\\year G\\BookApp\\BookAPP\\src\\app.ts": {"path":"C:\\Users\\amnav\\Desktop\\year G\\BookApp\\BookAPP\\src\\app.ts","statementMap":{"0":{"start":{"line":1,"column":0},"end":{"line":1,"column":25}},"1":{"start":{"line":2,"column":0},"end":{"line":2,"column":13}},"2":{"start":{"line":3,"column":0},"end":{"line":3,"column":43}},"3":{"start":{"line":4,"column":0},"end":{"line":4,"column":32}},"4":{"start":{"line":5,"column":0},"end":{"line":5,"column":45}},"5":{"start":{"line":6,"column":0},"end":{"line":6,"column":49}},"6":{"start":{"line":7,"column":0},"end":{"line":7,"column":44}},"7":{"start":{"line":8,"column":0},"end":{"line":8,"column":44}},"8":{"start":{"line":9,"column":0},"end":{"line":9,"column":24}},"9":{"start":{"line":10,"column":0},"end":{"line":10,"column":24}},"10":{"start":{"line":12,"column":16},"end":{"line":33,"column":1}},"11":{"start":{"line":13,"column":18},"end":{"line":31,"column":4}},"12":{"start":{"line":14,"column":15},"end":{"line":14,"column":34}},"13":{"start":{"line":15,"column":4},"end":{"line":15,"column":64}},"14":{"start":{"line":15,"column":26},"end":{"line":15,"column":62}},"15":{"start":{"line":16,"column":4},"end":{"line":16,"column":52}},"16":{"start":{"line":16,"column":30},"end":{"line":16,"column":50}},"17":{"start":{"line":17,"column":16},"end":{"line":17,"column":34}},"18":{"start":{"line":18,"column":4},"end":{"line":30,"column":7}},"19":{"start":{"line":19,"column":18},"end":{"line":19,"column":27}},"20":{"start":{"line":20,"column":6},"end":{"line":20,"column":22}},"21":{"start":{"line":21,"column":6},"end":{"line":21,"column":30}},"22":{"start":{"line":22,"column":6},"end":{"line":22,"column":54}},"23":{"start":{"line":24,"column":6},"end":{"line":24,"column":34}},"24":{"start":{"line":25,"column":6},"end":{"line":25,"column":38}},"25":{"start":{"line":26,"column":6},"end":{"line":26,"column":34}},"26":{"start":{"line":27,"column":6},"end":{"line":27,"column":34}},"27":{"start":{"line":28,"column":6},"end":{"line":28,"column":73}},"28":{"start":{"line":29,"column":6},"end":{"line":29,"column":19}},"29":{"start":{"line":32,"column":2},"end":{"line":32,"column":17}},"30":{"start":{"line":35,"column":0},"end":{"line":35,"column":23}}},"fnMap":{"0":{"name":"(anonymous_1)","decl":{"start":{"line":12,"column":16},"end":{"line":12,"column":37}},"loc":{"start":{"line":12,"column":39},"end":{"line":33,"column":1}}},"1":{"name":"(anonymous_2)","decl":{"start":{"line":13,"column":39},"end":{"line":13,"column":40}},"loc":{"start":{"line":13,"column":51},"end":{"line":31,"column":3}}},"2":{"name":"(anonymous_3)","decl":{"start":{"line":15,"column":20},"end":{"line":15,"column":23}},"loc":{"start":{"line":15,"column":26},"end":{"line":15,"column":62}}},"3":{"name":"(anonymous_4)","decl":{"start":{"line":16,"column":19},"end":{"line":16,"column":20}},"loc":{"start":{"line":16,"column":30},"end":{"line":16,"column":50}}},"4":{"name":"(anonymous_5)","decl":{"start":{"line":18,"column":32},"end":{"line":18,"column":35}},"loc":{"start":{"line":18,"column":37},"end":{"line":30,"column":5}}}},"branchMap":{},"s":{"0":4,"1":4,"2":4,"3":4,"4":4,"5":4,"6":4,"7":4,"8":4,"9":4,"10":4,"11":4,"12":4,"13":4,"14":4,"15":4,"16":0,"17":4,"18":4,"19":4,"20":4,"21":4,"22":4,"23":4,"24":4,"25":4,"26":4,"27":4,"28":4,"29":4,"30":4},"f":{"0":4,"1":4,"2":4,"3":0,"4":4},"b":{}}
,"C:\\Users\\amnav\\Desktop\\year G\\BookApp\\BookAPP\\src\\common\\admin_middleware.ts": {"path":"C:\\Users\\amnav\\Desktop\\year G\\BookApp\\BookAPP\\src\\common\\admin_middleware.ts","statementMap":{"0":{"start":{"line":2,"column":0},"end":{"line":2,"column":31}},"1":{"start":{"line":3,"column":0},"end":{"line":3,"column":40}},"2":{"start":{"line":9,"column":23},"end":{"line":32,"column":2}},"3":{"start":{"line":9,"column":85},"end":{"line":32,"column":2}},"4":{"start":{"line":10,"column":21},"end":{"line":10,"column":49}},"5":{"start":{"line":11,"column":16},"end":{"line":11,"column":54}},"6":{"start":{"line":12,"column":2},"end":{"line":14,"column":3}},"7":{"start":{"line":13,"column":2},"end":{"line":13,"column":66}},"8":{"start":{"line":16,"column":20},"end":{"line":16,"column":63}},"9":{"start":{"line":17,"column":19},"end":{"line":17,"column":30}},"10":{"start":{"line":19,"column":17},"end":{"line":19,"column":51}},"11":{"start":{"line":20,"column":4},"end":{"line":28,"column":5}},"12":{"start":{"line":22,"column":6},"end":{"line":22,"column":13}},"13":{"start":{"line":27,"column":6},"end":{"line":27,"column":47}},"14":{"start":{"line":34,"column":0},"end":{"line":34,"column":30}}},"fnMap":{"0":{"name":"(anonymous_8)","decl":{"start":{"line":9,"column":23},"end":{"line":9,"column":30}},"loc":{"start":{"line":9,"column":85},"end":{"line":32,"column":2}}},"1":{"name":"(anonymous_9)","decl":{"start":{"line":9,"column":85},"end":{"line":9,"column":null}},"loc":{"start":{"line":9,"column":85},"end":{"line":32,"column":1}}}},"branchMap":{"0":{"loc":{"start":{"line":11,"column":16},"end":{"line":11,"column":54}},"type":"binary-expr","locations":[{"start":{"line":11,"column":16},"end":{"line":11,"column":26}},{"start":{"line":11,"column":30},"end":{"line":11,"column":54}}]},"1":{"loc":{"start":{"line":12,"column":2},"end":{"line":14,"column":3}},"type":"if","locations":[{"start":{"line":12,"column":2},"end":{"line":14,"column":3}}]},"2":{"loc":{"start":{"line":20,"column":4},"end":{"line":28,"column":5}},"type":"if","locations":[{"start":{"line":20,"column":4},"end":{"line":28,"column":5}},{"start":{"line":26,"column":9},"end":{"line":28,"column":5}}]}},"s":{"0":4,"1":4,"2":4,"3":10,"4":10,"5":10,"6":10,"7":0,"8":10,"9":10,"10":10,"11":10,"12":8,"13":2,"14":4},"f":{"0":10,"1":10},"b":{"0":[10,10],"1":[0],"2":[8,2]}}
,"C:\\Users\\amnav\\Desktop\\year G\\BookApp\\BookAPP\\src\\common\\auth_middleware.ts": {"path":"C:\\Users\\amnav\\Desktop\\year G\\BookApp\\BookAPP\\src\\common\\auth_middleware.ts","statementMap":{"0":{"start":{"line":2,"column":0},"end":{"line":2,"column":31}},"1":{"start":{"line":16,"column":23},"end":{"line":37,"column":null}},"2":{"start":{"line":16,"column":85},"end":{"line":37,"column":null}},"3":{"start":{"line":17,"column":21},"end":{"line":17,"column":49}},"4":{"start":{"line":18,"column":16},"end":{"line":18,"column":54}},"5":{"start":{"line":19,"column":2},"end":{"line":19,"column":41}},"6":{"start":{"line":19,"column":14},"end":{"line":19,"column":41}},"7":{"start":{"line":21,"column":2},"end":{"line":36,"column":1}},"8":{"start":{"line":22,"column":4},"end":{"line":32,"column":7}},"9":{"start":{"line":23,"column":8},"end":{"line":26,"column":9}},"10":{"start":{"line":25,"column":12},"end":{"line":25,"column":73}},"11":{"start":{"line":28,"column":8},"end":{"line":28,"column":43}},"12":{"start":{"line":29,"column":8},"end":{"line":29,"column":38}},"13":{"start":{"line":30,"column":8},"end":{"line":30,"column":44}},"14":{"start":{"line":31,"column":8},"end":{"line":31,"column":15}},"15":{"start":{"line":34,"column":4},"end":{"line":34,"column":44}},"16":{"start":{"line":35,"column":4},"end":{"line":35,"column":50}},"17":{"start":{"line":38,"column":0},"end":{"line":38,"column":30}}},"fnMap":{"0":{"name":"(anonymous_8)","decl":{"start":{"line":16,"column":23},"end":{"line":16,"column":30}},"loc":{"start":{"line":16,"column":85},"end":{"line":37,"column":null}}},"1":{"name":"(anonymous_9)","decl":{"start":{"line":16,"column":85},"end":{"line":16,"column":null}},"loc":{"start":{"line":16,"column":85},"end":{"line":37,"column":1}}},"2":{"name":"(anonymous_10)","decl":{"start":{"line":22,"column":46},"end":{"line":22,"column":47}},"loc":{"start":{"line":22,"column":66},"end":{"line":32,"column":5}}}},"branchMap":{"0":{"loc":{"start":{"line":18,"column":16},"end":{"line":18,"column":54}},"type":"binary-expr","locations":[{"start":{"line":18,"column":16},"end":{"line":18,"column":26}},{"start":{"line":18,"column":30},"end":{"line":18,"column":54}}]},"1":{"loc":{"start":{"line":19,"column":2},"end":{"line":19,"column":41}},"type":"if","locations":[{"start":{"line":19,"column":2},"end":{"line":19,"column":41}}]},"2":{"loc":{"start":{"line":23,"column":8},"end":{"line":26,"column":9}},"type":"if","locations":[{"start":{"line":23,"column":8},"end":{"line":26,"column":9}}]},"3":{"loc":{"start":{"line":29,"column":21},"end":{"line":29,"column":37}},"type":"binary-expr","locations":[{"start":{"line":29,"column":21},"end":{"line":29,"column":31}},{"start":{"line":29,"column":35},"end":{"line":29,"column":37}}]}},"s":{"0":4,"1":4,"2":24,"3":24,"4":24,"5":24,"6":1,"7":23,"8":23,"9":23,"10":1,"11":22,"12":22,"13":22,"14":22,"15":0,"16":0,"17":4},"f":{"0":24,"1":24,"2":23},"b":{"0":[24,23],"1":[1],"2":[1],"3":[22,22]}}
,"C:\\Users\\amnav\\Desktop\\year G\\BookApp\\BookAPP\\src\\common\\author_middleware.ts": {"path":"C:\\Users\\amnav\\Desktop\\year G\\BookApp\\BookAPP\\src\\common\\author_middleware.ts","statementMap":{"0":{"start":{"line":2,"column":0},"end":{"line":2,"column":31}},"1":{"start":{"line":3,"column":0},"end":{"line":3,"column":40}},"2":{"start":{"line":9,"column":23},"end":{"line":32,"column":2}},"3":{"start":{"line":9,"column":85},"end":{"line":32,"column":2}},"4":{"start":{"line":10,"column":21},"end":{"line":10,"column":49}},"5":{"start":{"line":11,"column":16},"end":{"line":11,"column":54}},"6":{"start":{"line":12,"column":2},"end":{"line":14,"column":3}},"7":{"start":{"line":13,"column":2},"end":{"line":13,"column":66}},"8":{"start":{"line":16,"column":20},"end":{"line":16,"column":63}},"9":{"start":{"line":17,"column":19},"end":{"line":17,"column":30}},"10":{"start":{"line":19,"column":17},"end":{"line":19,"column":51}},"11":{"start":{"line":21,"column":4},"end":{"line":28,"column":5}},"12":{"start":{"line":23,"column":6},"end":{"line":23,"column":13}},"13":{"start":{"line":27,"column":6},"end":{"line":27,"column":57}},"14":{"start":{"line":34,"column":0},"end":{"line":34,"column":30}}},"fnMap":{"0":{"name":"(anonymous_8)","decl":{"start":{"line":9,"column":23},"end":{"line":9,"column":30}},"loc":{"start":{"line":9,"column":85},"end":{"line":32,"column":2}}},"1":{"name":"(anonymous_9)","decl":{"start":{"line":9,"column":85},"end":{"line":9,"column":null}},"loc":{"start":{"line":9,"column":85},"end":{"line":32,"column":1}}}},"branchMap":{"0":{"loc":{"start":{"line":11,"column":16},"end":{"line":11,"column":54}},"type":"binary-expr","locations":[{"start":{"line":11,"column":16},"end":{"line":11,"column":26}},{"start":{"line":11,"column":30},"end":{"line":11,"column":54}}]},"1":{"loc":{"start":{"line":12,"column":2},"end":{"line":14,"column":3}},"type":"if","locations":[{"start":{"line":12,"column":2},"end":{"line":14,"column":3}}]},"2":{"loc":{"start":{"line":21,"column":4},"end":{"line":28,"column":5}},"type":"if","locations":[{"start":{"line":21,"column":4},"end":{"line":28,"column":5}},{"start":{"line":26,"column":9},"end":{"line":28,"column":5}}]}},"s":{"0":4,"1":4,"2":4,"3":3,"4":3,"5":3,"6":3,"7":0,"8":3,"9":3,"10":3,"11":3,"12":2,"13":1,"14":4},"f":{"0":3,"1":3},"b":{"0":[3,3],"1":[0],"2":[2,1]}}
,"C:\\Users\\amnav\\Desktop\\year G\\BookApp\\BookAPP\\src\\common\\multer.ts": {"path":"C:\\Users\\amnav\\Desktop\\year G\\BookApp\\BookAPP\\src\\common\\multer.ts","statementMap":{"0":{"start":{"line":1,"column":0},"end":{"line":1,"column":24}},"1":{"start":{"line":2,"column":0},"end":{"line":2,"column":28}},"2":{"start":{"line":4,"column":16},"end":{"line":13,"column":2}},"3":{"start":{"line":6,"column":4},"end":{"line":6,"column":60}},"4":{"start":{"line":9,"column":22},"end":{"line":9,"column":56}},"5":{"start":{"line":10,"column":4},"end":{"line":10,"column":47}},"6":{"start":{"line":15,"column":13},"end":{"line":15,"column":42}}},"fnMap":{"0":{"name":"(anonymous_1)","decl":{"start":{"line":5,"column":15},"end":{"line":5,"column":25}},"loc":{"start":{"line":5,"column":38},"end":{"line":7,"column":3}}},"1":{"name":"(anonymous_2)","decl":{"start":{"line":8,"column":12},"end":{"line":8,"column":22}},"loc":{"start":{"line":8,"column":35},"end":{"line":11,"column":3}}}},"branchMap":{},"s":{"0":4,"1":4,"2":4,"3":0,"4":0,"5":0,"6":4},"f":{"0":0,"1":0},"b":{}}
,"C:\\Users\\amnav\\Desktop\\year G\\BookApp\\BookAPP\\src\\common\\veifyUserOwenr_midleeware.ts": {"path":"C:\\Users\\amnav\\Desktop\\year G\\BookApp\\BookAPP\\src\\common\\veifyUserOwenr_midleeware.ts","statementMap":{"0":{"start":{"line":2,"column":0},"end":{"line":2,"column":40}},"1":{"start":{"line":10,"column":24},"end":{"line":34,"column":null}},"2":{"start":{"line":10,"column":88},"end":{"line":34,"column":null}},"3":{"start":{"line":11,"column":4},"end":{"line":33,"column":5}},"4":{"start":{"line":12,"column":23},"end":{"line":12,"column":31}},"5":{"start":{"line":13,"column":30},"end":{"line":13,"column":55}},"6":{"start":{"line":14,"column":8},"end":{"line":14,"column":52}},"7":{"start":{"line":15,"column":8},"end":{"line":15,"column":74}},"8":{"start":{"line":16,"column":8},"end":{"line":19,"column":9}},"9":{"start":{"line":17,"column":12},"end":{"line":17,"column":51}},"10":{"start":{"line":18,"column":12},"end":{"line":18,"column":101}},"11":{"start":{"line":21,"column":21},"end":{"line":21,"column":44}},"12":{"start":{"line":22,"column":8},"end":{"line":22,"column":49}},"13":{"start":{"line":24,"column":8},"end":{"line":26,"column":9}},"14":{"start":{"line":25,"column":12},"end":{"line":25,"column":90}},"15":{"start":{"line":29,"column":8},"end":{"line":29,"column":15}},"16":{"start":{"line":31,"column":8},"end":{"line":31,"column":60}},"17":{"start":{"line":32,"column":8},"end":{"line":32,"column":77}},"18":{"start":{"line":36,"column":0},"end":{"line":36,"column":31}}},"fnMap":{"0":{"name":"(anonymous_8)","decl":{"start":{"line":10,"column":24},"end":{"line":10,"column":31}},"loc":{"start":{"line":10,"column":88},"end":{"line":34,"column":null}}},"1":{"name":"(anonymous_9)","decl":{"start":{"line":10,"column":88},"end":{"line":10,"column":null}},"loc":{"start":{"line":10,"column":88},"end":{"line":34,"column":1}}}},"branchMap":{"0":{"loc":{"start":{"line":13,"column":30},"end":{"line":13,"column":55}},"type":"cond-expr","locations":[{"start":{"line":13,"column":40},"end":{"line":13,"column":42}},{"start":{"line":13,"column":40},"end":{"line":13,"column":55}}]},"1":{"loc":{"start":{"line":13,"column":30},"end":{"line":13,"column":42}},"type":"binary-expr","locations":[{"start":{"line":13,"column":30},"end":{"line":13,"column":42}},{"start":{"line":13,"column":40},"end":{"line":13,"column":42}}]},"2":{"loc":{"start":{"line":16,"column":8},"end":{"line":19,"column":9}},"type":"if","locations":[{"start":{"line":16,"column":8},"end":{"line":19,"column":9}}]},"3":{"loc":{"start":{"line":16,"column":12},"end":{"line":16,"column":33}},"type":"binary-expr","locations":[{"start":{"line":16,"column":12},"end":{"line":16,"column":15}},{"start":{"line":16,"column":19},"end":{"line":16,"column":33}}]},"4":{"loc":{"start":{"line":24,"column":8},"end":{"line":26,"column":9}},"type":"if","locations":[{"start":{"line":24,"column":8},"end":{"line":26,"column":9}}]},"5":{"loc":{"start":{"line":24,"column":12},"end":{"line":24,"column":58}},"type":"binary-expr","locations":[{"start":{"line":24,"column":12},"end":{"line":24,"column":17}},{"start":{"line":24,"column":21},"end":{"line":24,"column":58}}]}},"s":{"0":4,"1":4,"2":2,"3":2,"4":2,"5":2,"6":2,"7":2,"8":2,"9":0,"10":0,"11":2,"12":2,"13":2,"14":1,"15":1,"16":0,"17":0,"18":4},"f":{"0":2,"1":2},"b":{"0":[0,2],"1":[2,2],"2":[0],"3":[2,2],"4":[1],"5":[2,2]}}
,"C:\\Users\\amnav\\Desktop\\year G\\BookApp\\BookAPP\\src\\common\\verifyBookOwner.ts": {"path":"C:\\Users\\amnav\\Desktop\\year G\\BookApp\\BookAPP\\src\\common\\verifyBookOwner.ts","statementMap":{"0":{"start":{"line":2,"column":0},"end":{"line":2,"column":40}},"1":{"start":{"line":3,"column":0},"end":{"line":3,"column":31}},"2":{"start":{"line":9,"column":24},"end":{"line":39,"column":null}},"3":{"start":{"line":9,"column":88},"end":{"line":39,"column":null}},"4":{"start":{"line":10,"column":4},"end":{"line":38,"column":5}},"5":{"start":{"line":11,"column":27},"end":{"line":11,"column":55}},"6":{"start":{"line":12,"column":22},"end":{"line":12,"column":60}},"7":{"start":{"line":13,"column":8},"end":{"line":15,"column":9}},"8":{"start":{"line":14,"column":8},"end":{"line":14,"column":72}},"9":{"start":{"line":17,"column":25},"end":{"line":17,"column":40}},"10":{"start":{"line":20,"column":8},"end":{"line":22,"column":9}},"11":{"start":{"line":21,"column":12},"end":{"line":21,"column":79}},"12":{"start":{"line":24,"column":24},"end":{"line":24,"column":67}},"13":{"start":{"line":25,"column":23},"end":{"line":25,"column":34}},"14":{"start":{"line":27,"column":21},"end":{"line":27,"column":55}},"15":{"start":{"line":30,"column":8},"end":{"line":32,"column":9}},"16":{"start":{"line":31,"column":12},"end":{"line":31,"column":90}},"17":{"start":{"line":34,"column":8},"end":{"line":34,"column":15}},"18":{"start":{"line":36,"column":8},"end":{"line":36,"column":60}},"19":{"start":{"line":37,"column":8},"end":{"line":37,"column":77}},"20":{"start":{"line":41,"column":0},"end":{"line":41,"column":31}}},"fnMap":{"0":{"name":"(anonymous_8)","decl":{"start":{"line":9,"column":24},"end":{"line":9,"column":31}},"loc":{"start":{"line":9,"column":88},"end":{"line":39,"column":null}}},"1":{"name":"(anonymous_9)","decl":{"start":{"line":9,"column":88},"end":{"line":9,"column":null}},"loc":{"start":{"line":9,"column":88},"end":{"line":39,"column":1}}}},"branchMap":{"0":{"loc":{"start":{"line":12,"column":22},"end":{"line":12,"column":60}},"type":"binary-expr","locations":[{"start":{"line":12,"column":22},"end":{"line":12,"column":32}},{"start":{"line":12,"column":36},"end":{"line":12,"column":60}}]},"1":{"loc":{"start":{"line":13,"column":8},"end":{"line":15,"column":9}},"type":"if","locations":[{"start":{"line":13,"column":8},"end":{"line":15,"column":9}}]},"2":{"loc":{"start":{"line":20,"column":8},"end":{"line":22,"column":9}},"type":"if","locations":[{"start":{"line":20,"column":8},"end":{"line":22,"column":9}}]},"3":{"loc":{"start":{"line":30,"column":8},"end":{"line":32,"column":9}},"type":"if","locations":[{"start":{"line":30,"column":8},"end":{"line":32,"column":9}}]},"4":{"loc":{"start":{"line":30,"column":12},"end":{"line":30,"column":53}},"type":"binary-expr","locations":[{"start":{"line":30,"column":12},"end":{"line":30,"column":17}},{"start":{"line":30,"column":21},"end":{"line":30,"column":53}}]}},"s":{"0":4,"1":4,"2":4,"3":2,"4":2,"5":2,"6":2,"7":2,"8":0,"9":2,"10":2,"11":0,"12":2,"13":2,"14":2,"15":2,"16":1,"17":1,"18":0,"19":0,"20":4},"f":{"0":2,"1":2},"b":{"0":[2,2],"1":[0],"2":[0],"3":[1],"4":[2,2]}}
,"C:\\Users\\amnav\\Desktop\\year G\\BookApp\\BookAPP\\src\\controllers\\auth_controller.ts": {"path":"C:\\Users\\amnav\\Desktop\\year G\\BookApp\\BookAPP\\src\\controllers\\auth_controller.ts","statementMap":{"0":{"start":{"line":2,"column":0},"end":{"line":2,"column":51}},"1":{"start":{"line":3,"column":0},"end":{"line":3,"column":28}},"2":{"start":{"line":4,"column":0},"end":{"line":4,"column":31}},"3":{"start":{"line":7,"column":17},"end":{"line":41,"column":2}},"4":{"start":{"line":7,"column":55},"end":{"line":41,"column":2}},"5":{"start":{"line":8,"column":16},"end":{"line":8,"column":30}},"6":{"start":{"line":9,"column":19},"end":{"line":9,"column":36}},"7":{"start":{"line":10,"column":15},"end":{"line":10,"column":28}},"8":{"start":{"line":11,"column":15},"end":{"line":11,"column":28}},"9":{"start":{"line":13,"column":2},"end":{"line":13,"column":24}},"10":{"start":{"line":15,"column":2},"end":{"line":17,"column":3}},"11":{"start":{"line":16,"column":4},"end":{"line":16,"column":77}},"12":{"start":{"line":19,"column":2},"end":{"line":40,"column":3}},"13":{"start":{"line":20,"column":27},"end":{"line":20,"column":63}},"14":{"start":{"line":21,"column":4},"end":{"line":23,"column":5}},"15":{"start":{"line":22,"column":6},"end":{"line":22,"column":58}},"16":{"start":{"line":24,"column":17},"end":{"line":24,"column":41}},"17":{"start":{"line":25,"column":30},"end":{"line":25,"column":63}},"18":{"start":{"line":26,"column":20},"end":{"line":32,"column":6}},"19":{"start":{"line":34,"column":21},"end":{"line":34,"column":41}},"20":{"start":{"line":36,"column":4},"end":{"line":36,"column":42}},"21":{"start":{"line":38,"column":4},"end":{"line":38,"column":28}},"22":{"start":{"line":39,"column":4},"end":{"line":39,"column":57}},"23":{"start":{"line":43,"column":14},"end":{"line":86,"column":2}},"24":{"start":{"line":43,"column":52},"end":{"line":86,"column":2}},"25":{"start":{"line":44,"column":16},"end":{"line":44,"column":30}},"26":{"start":{"line":45,"column":2},"end":{"line":45,"column":30}},"27":{"start":{"line":46,"column":19},"end":{"line":46,"column":36}},"28":{"start":{"line":47,"column":2},"end":{"line":47,"column":36}},"29":{"start":{"line":49,"column":2},"end":{"line":51,"column":3}},"30":{"start":{"line":50,"column":4},"end":{"line":50,"column":61}},"31":{"start":{"line":53,"column":2},"end":{"line":85,"column":3}},"32":{"start":{"line":54,"column":17},"end":{"line":54,"column":53}},"33":{"start":{"line":55,"column":4},"end":{"line":57,"column":5}},"34":{"start":{"line":56,"column":6},"end":{"line":56,"column":65}},"35":{"start":{"line":58,"column":18},"end":{"line":58,"column":63}},"36":{"start":{"line":59,"column":4},"end":{"line":61,"column":5}},"37":{"start":{"line":60,"column":6},"end":{"line":60,"column":65}},"38":{"start":{"line":63,"column":24},"end":{"line":65,"column":6}},"39":{"start":{"line":66,"column":25},"end":{"line":68,"column":null}},"40":{"start":{"line":70,"column":4},"end":{"line":74,"column":5}},"41":{"start":{"line":71,"column":6},"end":{"line":71,"column":42}},"42":{"start":{"line":73,"column":6},"end":{"line":73,"column":44}},"43":{"start":{"line":75,"column":4},"end":{"line":75,"column":22}},"44":{"start":{"line":77,"column":21},"end":{"line":77,"column":38}},"45":{"start":{"line":78,"column":4},"end":{"line":82,"column":7}},"46":{"start":{"line":84,"column":4},"end":{"line":84,"column":41}},"47":{"start":{"line":88,"column":15},"end":{"line":119,"column":2}},"48":{"start":{"line":88,"column":53},"end":{"line":119,"column":2}},"49":{"start":{"line":89,"column":21},"end":{"line":89,"column":49}},"50":{"start":{"line":90,"column":23},"end":{"line":90,"column":61}},"51":{"start":{"line":91,"column":2},"end":{"line":91,"column":55}},"52":{"start":{"line":91,"column":28},"end":{"line":91,"column":55}},"53":{"start":{"line":92,"column":2},"end":{"line":118,"column":4}},"54":{"start":{"line":95,"column":41},"end":{"line":117,"column":null}},"55":{"start":{"line":96,"column":6},"end":{"line":96,"column":23}},"56":{"start":{"line":97,"column":6},"end":{"line":97,"column":42}},"57":{"start":{"line":97,"column":15},"end":{"line":97,"column":42}},"58":{"start":{"line":98,"column":6},"end":{"line":116,"column":7}},"59":{"start":{"line":99,"column":23},"end":{"line":99,"column":60}},"60":{"start":{"line":100,"column":8},"end":{"line":113,"column":9}},"61":{"start":{"line":104,"column":10},"end":{"line":104,"column":36}},"62":{"start":{"line":105,"column":10},"end":{"line":105,"column":30}},"63":{"start":{"line":106,"column":10},"end":{"line":106,"column":37}},"64":{"start":{"line":108,"column":10},"end":{"line":110,"column":12}},"65":{"start":{"line":109,"column":19},"end":{"line":109,"column":37}},"66":{"start":{"line":111,"column":10},"end":{"line":111,"column":30}},"67":{"start":{"line":112,"column":10},"end":{"line":112,"column":37}},"68":{"start":{"line":115,"column":8},"end":{"line":115,"column":46}},"69":{"start":{"line":121,"column":16},"end":{"line":166,"column":2}},"70":{"start":{"line":121,"column":54},"end":{"line":166,"column":2}},"71":{"start":{"line":122,"column":21},"end":{"line":122,"column":49}},"72":{"start":{"line":123,"column":23},"end":{"line":123,"column":69}},"73":{"start":{"line":124,"column":2},"end":{"line":124,"column":55}},"74":{"start":{"line":124,"column":28},"end":{"line":124,"column":55}},"75":{"start":{"line":125,"column":2},"end":{"line":165,"column":4}},"76":{"start":{"line":128,"column":41},"end":{"line":164,"column":null}},"77":{"start":{"line":129,"column":6},"end":{"line":132,"column":7}},"78":{"start":{"line":130,"column":8},"end":{"line":130,"column":25}},"79":{"start":{"line":131,"column":8},"end":{"line":131,"column":35}},"80":{"start":{"line":133,"column":6},"end":{"line":163,"column":7}},"81":{"start":{"line":134,"column":23},"end":{"line":134,"column":60}},"82":{"start":{"line":135,"column":8},"end":{"line":142,"column":9}},"83":{"start":{"line":139,"column":10},"end":{"line":139,"column":36}},"84":{"start":{"line":140,"column":10},"end":{"line":140,"column":30}},"85":{"start":{"line":141,"column":10},"end":{"line":141,"column":37}},"86":{"start":{"line":143,"column":28},"end":{"line":146,"column":null}},"87":{"start":{"line":148,"column":32},"end":{"line":150,"column":null}},"88":{"start":{"line":152,"column":8},"end":{"line":154,"column":10}},"89":{"start":{"line":153,"column":17},"end":{"line":153,"column":35}},"90":{"start":{"line":155,"column":8},"end":{"line":155,"column":51}},"91":{"start":{"line":156,"column":8},"end":{"line":156,"column":28}},"92":{"start":{"line":157,"column":8},"end":{"line":160,"column":11}},"93":{"start":{"line":162,"column":8},"end":{"line":162,"column":46}},"94":{"start":{"line":168,"column":0},"end":{"line":173,"column":2}},"95":{"start":{"line":180,"column":19},"end":{"line":180,"column":37}},"96":{"start":{"line":182,"column":2},"end":{"line":182,"column":27}},"97":{"start":{"line":183,"column":2},"end":{"line":183,"column":32}},"98":{"start":{"line":184,"column":2},"end":{"line":184,"column":18}}},"fnMap":{"0":{"name":"(anonymous_8)","decl":{"start":{"line":7,"column":17},"end":{"line":7,"column":24}},"loc":{"start":{"line":7,"column":55},"end":{"line":41,"column":2}}},"1":{"name":"(anonymous_9)","decl":{"start":{"line":7,"column":55},"end":{"line":7,"column":null}},"loc":{"start":{"line":7,"column":55},"end":{"line":41,"column":1}}},"2":{"name":"(anonymous_10)","decl":{"start":{"line":43,"column":14},"end":{"line":43,"column":21}},"loc":{"start":{"line":43,"column":52},"end":{"line":86,"column":2}}},"3":{"name":"(anonymous_11)","decl":{"start":{"line":43,"column":52},"end":{"line":43,"column":null}},"loc":{"start":{"line":43,"column":52},"end":{"line":86,"column":1}}},"4":{"name":"(anonymous_12)","decl":{"start":{"line":88,"column":15},"end":{"line":88,"column":22}},"loc":{"start":{"line":88,"column":53},"end":{"line":119,"column":2}}},"5":{"name":"(anonymous_13)","decl":{"start":{"line":88,"column":53},"end":{"line":88,"column":null}},"loc":{"start":{"line":88,"column":53},"end":{"line":119,"column":1}}},"6":{"name":"(anonymous_14)","decl":{"start":{"line":95,"column":4},"end":{"line":95,"column":11}},"loc":{"start":{"line":95,"column":41},"end":{"line":117,"column":null}}},"7":{"name":"(anonymous_15)","decl":{"start":{"line":95,"column":41},"end":{"line":95,"column":null}},"loc":{"start":{"line":95,"column":41},"end":{"line":117,"column":5}}},"8":{"name":"(anonymous_16)","decl":{"start":{"line":109,"column":12},"end":{"line":109,"column":13}},"loc":{"start":{"line":109,"column":19},"end":{"line":109,"column":37}}},"9":{"name":"(anonymous_17)","decl":{"start":{"line":121,"column":16},"end":{"line":121,"column":23}},"loc":{"start":{"line":121,"column":54},"end":{"line":166,"column":2}}},"10":{"name":"(anonymous_18)","decl":{"start":{"line":121,"column":54},"end":{"line":121,"column":null}},"loc":{"start":{"line":121,"column":54},"end":{"line":166,"column":1}}},"11":{"name":"(anonymous_19)","decl":{"start":{"line":128,"column":4},"end":{"line":128,"column":11}},"loc":{"start":{"line":128,"column":41},"end":{"line":164,"column":null}}},"12":{"name":"(anonymous_20)","decl":{"start":{"line":128,"column":41},"end":{"line":128,"column":null}},"loc":{"start":{"line":128,"column":41},"end":{"line":164,"column":5}}},"13":{"name":"(anonymous_21)","decl":{"start":{"line":153,"column":10},"end":{"line":153,"column":11}},"loc":{"start":{"line":153,"column":17},"end":{"line":153,"column":35}}},"14":{"name":"prepareUser","decl":{"start":{"line":175,"column":9},"end":{"line":175,"column":20}},"loc":{"start":{"line":178,"column":29},"end":{"line":185,"column":1}}}},"branchMap":{"0":{"loc":{"start":{"line":15,"column":2},"end":{"line":17,"column":3}},"type":"if","locations":[{"start":{"line":15,"column":2},"end":{"line":17,"column":3}}]},"1":{"loc":{"start":{"line":15,"column":6},"end":{"line":15,"column":43}},"type":"binary-expr","locations":[{"start":{"line":15,"column":6},"end":{"line":15,"column":12}},{"start":{"line":15,"column":16},"end":{"line":15,"column":25}},{"start":{"line":15,"column":29},"end":{"line":15,"column":34}},{"start":{"line":15,"column":38},"end":{"line":15,"column":43}}]},"2":{"loc":{"start":{"line":21,"column":4},"end":{"line":23,"column":5}},"type":"if","locations":[{"start":{"line":21,"column":4},"end":{"line":23,"column":5}}]},"3":{"loc":{"start":{"line":29,"column":13},"end":{"line":29,"column":53}},"type":"cond-expr","locations":[{"start":{"line":29,"column":24},"end":{"line":29,"column":41}},{"start":{"line":29,"column":44},"end":{"line":29,"column":53}}]},"4":{"loc":{"start":{"line":49,"column":2},"end":{"line":51,"column":3}},"type":"if","locations":[{"start":{"line":49,"column":2},"end":{"line":51,"column":3}}]},"5":{"loc":{"start":{"line":49,"column":6},"end":{"line":49,"column":25}},"type":"binary-expr","locations":[{"start":{"line":49,"column":6},"end":{"line":49,"column":12}},{"start":{"line":49,"column":16},"end":{"line":49,"column":25}}]},"6":{"loc":{"start":{"line":55,"column":4},"end":{"line":57,"column":5}},"type":"if","locations":[{"start":{"line":55,"column":4},"end":{"line":57,"column":5}}]},"7":{"loc":{"start":{"line":59,"column":4},"end":{"line":61,"column":5}},"type":"if","locations":[{"start":{"line":59,"column":4},"end":{"line":61,"column":5}}]},"8":{"loc":{"start":{"line":64,"column":17},"end":{"line":64,"column":51}},"type":"binary-expr","locations":[{"start":{"line":64,"column":17},"end":{"line":64,"column":43}},{"start":{"line":64,"column":47},"end":{"line":64,"column":51}}]},"9":{"loc":{"start":{"line":70,"column":4},"end":{"line":74,"column":5}},"type":"if","locations":[{"start":{"line":70,"column":4},"end":{"line":74,"column":5}},{"start":{"line":72,"column":11},"end":{"line":74,"column":5}}]},"10":{"loc":{"start":{"line":90,"column":23},"end":{"line":90,"column":61}},"type":"binary-expr","locations":[{"start":{"line":90,"column":23},"end":{"line":90,"column":33}},{"start":{"line":90,"column":37},"end":{"line":90,"column":61}}]},"11":{"loc":{"start":{"line":91,"column":2},"end":{"line":91,"column":55}},"type":"if","locations":[{"start":{"line":91,"column":2},"end":{"line":91,"column":55}}]},"12":{"loc":{"start":{"line":97,"column":6},"end":{"line":97,"column":42}},"type":"if","locations":[{"start":{"line":97,"column":6},"end":{"line":97,"column":42}}]},"13":{"loc":{"start":{"line":100,"column":8},"end":{"line":113,"column":9}},"type":"if","locations":[{"start":{"line":100,"column":8},"end":{"line":113,"column":9}},{"start":{"line":107,"column":15},"end":{"line":113,"column":9}}]},"14":{"loc":{"start":{"line":101,"column":10},"end":{"line":102,"column":54}},"type":"binary-expr","locations":[{"start":{"line":101,"column":10},"end":{"line":101,"column":31}},{"start":{"line":102,"column":10},"end":{"line":102,"column":54}}]},"15":{"loc":{"start":{"line":123,"column":23},"end":{"line":123,"column":69}},"type":"binary-expr","locations":[{"start":{"line":123,"column":24},"end":{"line":123,"column":40}},{"start":{"line":123,"column":45},"end":{"line":123,"column":69}}]},"16":{"loc":{"start":{"line":124,"column":2},"end":{"line":124,"column":55}},"type":"if","locations":[{"start":{"line":124,"column":2},"end":{"line":124,"column":55}}]},"17":{"loc":{"start":{"line":129,"column":6},"end":{"line":132,"column":7}},"type":"if","locations":[{"start":{"line":129,"column":6},"end":{"line":132,"column":7}}]},"18":{"loc":{"start":{"line":135,"column":8},"end":{"line":142,"column":9}},"type":"if","locations":[{"start":{"line":135,"column":8},"end":{"line":142,"column":9}}]},"19":{"loc":{"start":{"line":136,"column":10},"end":{"line":137,"column":54}},"type":"binary-expr","locations":[{"start":{"line":136,"column":10},"end":{"line":136,"column":31}},{"start":{"line":137,"column":10},"end":{"line":137,"column":54}}]}},"s":{"0":4,"1":4,"2":4,"3":4,"4":10,"5":10,"6":10,"7":10,"8":10,"9":10,"10":10,"11":1,"12":9,"13":9,"14":9,"15":1,"16":8,"17":8,"18":8,"19":8,"20":8,"21":0,"22":0,"23":4,"24":8,"25":8,"26":8,"27":8,"28":8,"29":8,"30":0,"31":8,"32":8,"33":8,"34":0,"35":8,"36":8,"37":0,"38":8,"39":8,"40":8,"41":0,"42":8,"43":8,"44":8,"45":8,"46":0,"47":4,"48":0,"49":0,"50":0,"51":0,"52":0,"53":0,"54":0,"55":0,"56":0,"57":0,"58":0,"59":0,"60":0,"61":0,"62":0,"63":0,"64":0,"65":0,"66":0,"67":0,"68":0,"69":4,"70":3,"71":3,"72":3,"73":3,"74":0,"75":3,"76":3,"77":3,"78":0,"79":0,"80":3,"81":3,"82":3,"83":2,"84":2,"85":2,"86":1,"87":1,"88":1,"89":1,"90":1,"91":1,"92":1,"93":0,"94":4,"95":16,"96":16,"97":16,"98":16},"f":{"0":10,"1":10,"2":8,"3":8,"4":0,"5":0,"6":0,"7":0,"8":0,"9":3,"10":3,"11":3,"12":3,"13":1,"14":16},"b":{"0":[1],"1":[10,10,9,9],"2":[1],"3":[0,8],"4":[0],"5":[8,8],"6":[0],"7":[0],"8":[8,0],"9":[0,8],"10":[0,0],"11":[0],"12":[0],"13":[0,0],"14":[0,0],"15":[3,3],"16":[0],"17":[0],"18":[2],"19":[3,3]}}
,"C:\\Users\\amnav\\Desktop\\year G\\BookApp\\BookAPP\\src\\controllers\\base_controller.ts": {"path":"C:\\Users\\amnav\\Desktop\\year G\\BookApp\\BookAPP\\src\\controllers\\base_controller.ts","statementMap":{"0":{"start":{"line":15,"column":8},"end":{"line":15,"column":27}},"1":{"start":{"line":19,"column":8},"end":{"line":19,"column":30}},"2":{"start":{"line":20,"column":8},"end":{"line":37,"column":9}},"3":{"start":{"line":21,"column":12},"end":{"line":34,"column":13}},"4":{"start":{"line":22,"column":28},"end":{"line":22,"column":75}},"5":{"start":{"line":23,"column":16},"end":{"line":23,"column":30}},"6":{"start":{"line":25,"column":16},"end":{"line":33,"column":17}},"7":{"start":{"line":27,"column":39},"end":{"line":27,"column":62}},"8":{"start":{"line":28,"column":20},"end":{"line":28,"column":41}},"9":{"start":{"line":31,"column":32},"end":{"line":31,"column":84}},"10":{"start":{"line":32,"column":20},"end":{"line":32,"column":34}},"11":{"start":{"line":36,"column":12},"end":{"line":36,"column":59}},"12":{"start":{"line":41,"column":8},"end":{"line":46,"column":9}},"13":{"start":{"line":42,"column":25},"end":{"line":42,"column":65}},"14":{"start":{"line":43,"column":12},"end":{"line":43,"column":29}},"15":{"start":{"line":45,"column":12},"end":{"line":45,"column":59}},"16":{"start":{"line":51,"column":8},"end":{"line":68,"column":9}},"17":{"start":{"line":52,"column":33},"end":{"line":55,"column":14}},"18":{"start":{"line":57,"column":12},"end":{"line":60,"column":13}},"19":{"start":{"line":58,"column":16},"end":{"line":58,"column":60}},"20":{"start":{"line":59,"column":16},"end":{"line":59,"column":23}},"21":{"start":{"line":62,"column":24},"end":{"line":62,"column":57}},"22":{"start":{"line":64,"column":12},"end":{"line":64,"column":38}},"23":{"start":{"line":66,"column":12},"end":{"line":66,"column":29}},"24":{"start":{"line":67,"column":12},"end":{"line":67,"column":57}},"25":{"start":{"line":73,"column":8},"end":{"line":85,"column":9}},"26":{"start":{"line":74,"column":32},"end":{"line":74,"column":40}},"27":{"start":{"line":75,"column":12},"end":{"line":75,"column":44}},"28":{"start":{"line":76,"column":12},"end":{"line":76,"column":46}},"29":{"start":{"line":77,"column":32},"end":{"line":77,"column":90}},"30":{"start":{"line":78,"column":12},"end":{"line":78,"column":62}},"31":{"start":{"line":79,"column":12},"end":{"line":79,"column":62}},"32":{"start":{"line":80,"column":12},"end":{"line":80,"column":46}},"33":{"start":{"line":83,"column":12},"end":{"line":83,"column":29}},"34":{"start":{"line":84,"column":12},"end":{"line":84,"column":57}},"35":{"start":{"line":94,"column":8},"end":{"line":99,"column":9}},"36":{"start":{"line":95,"column":12},"end":{"line":95,"column":62}},"37":{"start":{"line":96,"column":12},"end":{"line":96,"column":39}},"38":{"start":{"line":98,"column":12},"end":{"line":98,"column":57}},"39":{"start":{"line":11,"column":0},"end":{"line":11,"column":13}},"40":{"start":{"line":103,"column":25},"end":{"line":105,"column":1}},"41":{"start":{"line":104,"column":4},"end":{"line":104,"column":48}},"42":{"start":{"line":107,"column":0},"end":{"line":107,"column":32}}},"fnMap":{"0":{"name":"(anonymous_7)","decl":{"start":{"line":14,"column":4},"end":{"line":14,"column":16}},"loc":{"start":{"line":14,"column":39},"end":{"line":16,"column":5}}},"1":{"name":"(anonymous_8)","decl":{"start":{"line":18,"column":10},"end":{"line":18,"column":13}},"loc":{"start":{"line":18,"column":45},"end":{"line":38,"column":null}}},"2":{"name":"(anonymous_10)","decl":{"start":{"line":40,"column":10},"end":{"line":40,"column":17}},"loc":{"start":{"line":40,"column":45},"end":{"line":47,"column":null}}},"3":{"name":"(anonymous_12)","decl":{"start":{"line":50,"column":10},"end":{"line":50,"column":14}},"loc":{"start":{"line":50,"column":42},"end":{"line":69,"column":null}}},"4":{"name":"(anonymous_14)","decl":{"start":{"line":72,"column":10},"end":{"line":72,"column":17}},"loc":{"start":{"line":72,"column":45},"end":{"line":86,"column":null}}},"5":{"name":"(anonymous_16)","decl":{"start":{"line":92,"column":10},"end":{"line":92,"column":20}},"loc":{"start":{"line":92,"column":48},"end":{"line":100,"column":null}}},"6":{"name":"(anonymous_18)","decl":{"start":{"line":103,"column":25},"end":{"line":103,"column":37}},"loc":{"start":{"line":103,"column":64},"end":{"line":105,"column":1}}}},"branchMap":{"0":{"loc":{"start":{"line":21,"column":12},"end":{"line":34,"column":13}},"type":"if","locations":[{"start":{"line":21,"column":12},"end":{"line":34,"column":13}},{"start":{"line":24,"column":19},"end":{"line":34,"column":13}}]},"1":{"loc":{"start":{"line":25,"column":16},"end":{"line":33,"column":17}},"type":"if","locations":[{"start":{"line":25,"column":16},"end":{"line":33,"column":17}},{"start":{"line":29,"column":23},"end":{"line":33,"column":17}}]},"2":{"loc":{"start":{"line":25,"column":20},"end":{"line":25,"column":57}},"type":"binary-expr","locations":[{"start":{"line":25,"column":20},"end":{"line":25,"column":28}},{"start":{"line":25,"column":32},"end":{"line":25,"column":57}}]},"3":{"loc":{"start":{"line":57,"column":12},"end":{"line":60,"column":13}},"type":"if","locations":[{"start":{"line":57,"column":12},"end":{"line":60,"column":13}}]}},"s":{"0":8,"1":5,"2":5,"3":5,"4":0,"5":0,"6":5,"7":0,"8":0,"9":5,"10":5,"11":0,"12":0,"13":0,"14":0,"15":0,"16":0,"17":0,"18":0,"19":0,"20":0,"21":0,"22":0,"23":0,"24":0,"25":0,"26":0,"27":0,"28":0,"29":0,"30":0,"31":0,"32":0,"33":0,"34":0,"35":1,"36":1,"37":1,"38":0,"39":4,"40":4,"41":0,"42":4},"f":{"0":8,"1":5,"2":0,"3":0,"4":0,"5":1,"6":0},"b":{"0":[0,5],"1":[0,5],"2":[5,0],"3":[0]}}
,"C:\\Users\\amnav\\Desktop\\year G\\BookApp\\BookAPP\\src\\controllers\\book_controller.ts": {"path":"C:\\Users\\amnav\\Desktop\\year G\\BookApp\\BookAPP\\src\\controllers\\book_controller.ts","statementMap":{"0":{"start":{"line":1,"column":0},"end":{"line":1,"column":56}},"1":{"start":{"line":3,"column":0},"end":{"line":3,"column":51}},"2":{"start":{"line":6,"column":0},"end":{"line":6,"column":40}},"3":{"start":{"line":10,"column":4},"end":{"line":10,"column":21}},"4":{"start":{"line":14,"column":4},"end":{"line":49,"column":5}},"5":{"start":{"line":15,"column":18},"end":{"line":15,"column":30}},"6":{"start":{"line":16,"column":6},"end":{"line":16,"column":28}},"7":{"start":{"line":18,"column":27},"end":{"line":21,"column":8}},"8":{"start":{"line":23,"column":6},"end":{"line":26,"column":7}},"9":{"start":{"line":24,"column":8},"end":{"line":24,"column":52}},"10":{"start":{"line":25,"column":8},"end":{"line":25,"column":15}},"11":{"start":{"line":28,"column":26},"end":{"line":28,"column":59}},"12":{"start":{"line":30,"column":6},"end":{"line":43,"column":7}},"13":{"start":{"line":31,"column":21},"end":{"line":31,"column":45}},"14":{"start":{"line":33,"column":8},"end":{"line":39,"column":9}},"15":{"start":{"line":34,"column":10},"end":{"line":34,"column":42}},"16":{"start":{"line":35,"column":10},"end":{"line":35,"column":28}},"17":{"start":{"line":37,"column":10},"end":{"line":37,"column":49}},"18":{"start":{"line":38,"column":10},"end":{"line":38,"column":17}},"19":{"start":{"line":41,"column":8},"end":{"line":41,"column":52}},"20":{"start":{"line":42,"column":8},"end":{"line":42,"column":15}},"21":{"start":{"line":45,"column":6},"end":{"line":45,"column":40}},"22":{"start":{"line":47,"column":6},"end":{"line":47,"column":25}},"23":{"start":{"line":48,"column":6},"end":{"line":48,"column":55}},"24":{"start":{"line":53,"column":4},"end":{"line":66,"column":5}},"25":{"start":{"line":54,"column":17},"end":{"line":54,"column":30}},"26":{"start":{"line":55,"column":6},"end":{"line":55,"column":38}},"27":{"start":{"line":56,"column":18},"end":{"line":56,"column":26}},"28":{"start":{"line":57,"column":6},"end":{"line":57,"column":40}},"29":{"start":{"line":58,"column":26},"end":{"line":60,"column":8}},"30":{"start":{"line":61,"column":6},"end":{"line":61,"column":56}},"31":{"start":{"line":62,"column":6},"end":{"line":62,"column":40}},"32":{"start":{"line":64,"column":6},"end":{"line":64,"column":23}},"33":{"start":{"line":65,"column":6},"end":{"line":65,"column":51}},"34":{"start":{"line":70,"column":0},"end":{"line":70,"column":36}}},"fnMap":{"0":{"name":"(anonymous_8)","decl":{"start":{"line":9,"column":2},"end":{"line":9,"column":null}},"loc":{"start":{"line":9,"column":2},"end":{"line":11,"column":3}}},"1":{"name":"(anonymous_9)","decl":{"start":{"line":13,"column":8},"end":{"line":13,"column":12}},"loc":{"start":{"line":13,"column":44},"end":{"line":50,"column":null}}},"2":{"name":"(anonymous_11)","decl":{"start":{"line":52,"column":8},"end":{"line":52,"column":15}},"loc":{"start":{"line":52,"column":47},"end":{"line":67,"column":null}}}},"branchMap":{"0":{"loc":{"start":{"line":23,"column":6},"end":{"line":26,"column":7}},"type":"if","locations":[{"start":{"line":23,"column":6},"end":{"line":26,"column":7}}]},"1":{"loc":{"start":{"line":30,"column":6},"end":{"line":43,"column":7}},"type":"if","locations":[{"start":{"line":30,"column":6},"end":{"line":43,"column":7}},{"start":{"line":40,"column":13},"end":{"line":43,"column":7}}]},"2":{"loc":{"start":{"line":33,"column":8},"end":{"line":39,"column":9}},"type":"if","locations":[{"start":{"line":33,"column":8},"end":{"line":39,"column":9}},{"start":{"line":36,"column":15},"end":{"line":39,"column":9}}]}},"s":{"0":4,"1":4,"2":4,"3":4,"4":4,"5":4,"6":4,"7":4,"8":4,"9":1,"10":1,"11":3,"12":3,"13":3,"14":3,"15":3,"16":3,"17":0,"18":0,"19":0,"20":0,"21":3,"22":0,"23":0,"24":1,"25":1,"26":1,"27":1,"28":1,"29":1,"30":1,"31":1,"32":0,"33":0,"34":4},"f":{"0":4,"1":4,"2":1},"b":{"0":[1],"1":[3,0],"2":[3,0]}}
,"C:\\Users\\amnav\\Desktop\\year G\\BookApp\\BookAPP\\src\\controllers\\review_controller.ts": {"path":"C:\\Users\\amnav\\Desktop\\year G\\BookApp\\BookAPP\\src\\controllers\\review_controller.ts","statementMap":{"0":{"start":{"line":1,"column":0},"end":{"line":1,"column":57}},"1":{"start":{"line":2,"column":0},"end":{"line":2,"column":49}},"2":{"start":{"line":5,"column":0},"end":{"line":5,"column":46}},"3":{"start":{"line":10,"column":8},"end":{"line":10,"column":22}},"4":{"start":{"line":14,"column":20},"end":{"line":14,"column":32}},"5":{"start":{"line":15,"column":8},"end":{"line":15,"column":29}},"6":{"start":{"line":16,"column":8},"end":{"line":16,"column":45}},"7":{"start":{"line":17,"column":29},"end":{"line":17,"column":58}},"8":{"start":{"line":18,"column":23},"end":{"line":18,"column":42}},"9":{"start":{"line":19,"column":8},"end":{"line":19,"column":53}},"10":{"start":{"line":20,"column":8},"end":{"line":20,"column":59}},"11":{"start":{"line":22,"column":12},"end":{"line":40,"column":13}},"12":{"start":{"line":23,"column":29},"end":{"line":23,"column":73}},"13":{"start":{"line":24,"column":16},"end":{"line":24,"column":45}},"14":{"start":{"line":25,"column":16},"end":{"line":36,"column":17}},"15":{"start":{"line":26,"column":20},"end":{"line":26,"column":null}},"16":{"start":{"line":27,"column":20},"end":{"line":29,"column":21}},"17":{"start":{"line":28,"column":24},"end":{"line":28,"column":42}},"18":{"start":{"line":30,"column":20},"end":{"line":30,"column":55}},"19":{"start":{"line":31,"column":20},"end":{"line":31,"column":38}},"20":{"start":{"line":32,"column":20},"end":{"line":32,"column":null}},"21":{"start":{"line":34,"column":20},"end":{"line":34,"column":59}},"22":{"start":{"line":35,"column":20},"end":{"line":35,"column":27}},"23":{"start":{"line":38,"column":16},"end":{"line":38,"column":62}},"24":{"start":{"line":39,"column":16},"end":{"line":39,"column":23}},"25":{"start":{"line":44,"column":12},"end":{"line":44,"column":31}},"26":{"start":{"line":51,"column":12},"end":{"line":73,"column":13}},"27":{"start":{"line":52,"column":16},"end":{"line":52,"column":62}},"28":{"start":{"line":53,"column":31},"end":{"line":53,"column":67}},"29":{"start":{"line":55,"column":16},"end":{"line":58,"column":17}},"30":{"start":{"line":56,"column":20},"end":{"line":56,"column":61}},"31":{"start":{"line":57,"column":20},"end":{"line":57,"column":27}},"32":{"start":{"line":60,"column":29},"end":{"line":60,"column":69}},"33":{"start":{"line":62,"column":16},"end":{"line":65,"column":17}},"34":{"start":{"line":63,"column":20},"end":{"line":63,"column":59}},"35":{"start":{"line":64,"column":20},"end":{"line":64,"column":27}},"36":{"start":{"line":67,"column":16},"end":{"line":67,"column":101}},"37":{"start":{"line":68,"column":16},"end":{"line":68,"column":62}},"38":{"start":{"line":70,"column":16},"end":{"line":70,"column":43}},"39":{"start":{"line":72,"column":16},"end":{"line":72,"column":61}},"40":{"start":{"line":77,"column":0},"end":{"line":77,"column":38}}},"fnMap":{"0":{"name":"(anonymous_8)","decl":{"start":{"line":9,"column":4},"end":{"line":9,"column":null}},"loc":{"start":{"line":9,"column":4},"end":{"line":11,"column":5}}},"1":{"name":"(anonymous_9)","decl":{"start":{"line":13,"column":10},"end":{"line":13,"column":14}},"loc":{"start":{"line":13,"column":46},"end":{"line":43,"column":10}}},"2":{"name":"(anonymous_11)","decl":{"start":{"line":43,"column":10},"end":{"line":43,"column":15}},"loc":{"start":{"line":43,"column":22},"end":{"line":47,"column":9}}},"3":{"name":"(anonymous_12)","decl":{"start":{"line":50,"column":14},"end":{"line":50,"column":24}},"loc":{"start":{"line":50,"column":56},"end":{"line":74,"column":null}}}},"branchMap":{"0":{"loc":{"start":{"line":22,"column":12},"end":{"line":40,"column":13}},"type":"if","locations":[{"start":{"line":22,"column":12},"end":{"line":40,"column":13}},{"start":{"line":37,"column":19},"end":{"line":40,"column":13}}]},"1":{"loc":{"start":{"line":25,"column":16},"end":{"line":36,"column":17}},"type":"if","locations":[{"start":{"line":25,"column":16},"end":{"line":36,"column":17}},{"start":{"line":33,"column":23},"end":{"line":36,"column":17}}]},"2":{"loc":{"start":{"line":27,"column":20},"end":{"line":29,"column":21}},"type":"if","locations":[{"start":{"line":27,"column":20},"end":{"line":29,"column":21}}]},"3":{"loc":{"start":{"line":55,"column":16},"end":{"line":58,"column":17}},"type":"if","locations":[{"start":{"line":55,"column":16},"end":{"line":58,"column":17}}]},"4":{"loc":{"start":{"line":62,"column":16},"end":{"line":65,"column":17}},"type":"if","locations":[{"start":{"line":62,"column":16},"end":{"line":65,"column":17}}]}},"s":{"0":4,"1":4,"2":4,"3":4,"4":2,"5":2,"6":2,"7":2,"8":2,"9":2,"10":2,"11":2,"12":2,"13":2,"14":2,"15":2,"16":2,"17":1,"18":2,"19":2,"20":2,"21":0,"22":0,"23":0,"24":0,"25":0,"26":1,"27":1,"28":1,"29":1,"30":0,"31":0,"32":1,"33":1,"34":0,"35":0,"36":1,"37":1,"38":1,"39":0,"40":4},"f":{"0":4,"1":2,"2":0,"3":1},"b":{"0":[2,0],"1":[2,0],"2":[1],"3":[0],"4":[0]}}
,"C:\\Users\\amnav\\Desktop\\year G\\BookApp\\BookAPP\\src\\controllers\\user_controller.ts": {"path":"C:\\Users\\amnav\\Desktop\\year G\\BookApp\\BookAPP\\src\\controllers\\user_controller.ts","statementMap":{"0":{"start":{"line":2,"column":0},"end":{"line":2,"column":40}},"1":{"start":{"line":3,"column":0},"end":{"line":3,"column":28}},"2":{"start":{"line":13,"column":20},"end":{"line":20,"column":2}},"3":{"start":{"line":13,"column":73},"end":{"line":20,"column":2}},"4":{"start":{"line":14,"column":4},"end":{"line":19,"column":5}},"5":{"start":{"line":15,"column":20},"end":{"line":15,"column":37}},"6":{"start":{"line":16,"column":6},"end":{"line":16,"column":34}},"7":{"start":{"line":18,"column":6},"end":{"line":18,"column":64}},"8":{"start":{"line":22,"column":20},"end":{"line":35,"column":2}},"9":{"start":{"line":22,"column":73},"end":{"line":35,"column":2}},"10":{"start":{"line":23,"column":2},"end":{"line":34,"column":3}},"11":{"start":{"line":24,"column":19},"end":{"line":24,"column":29}},"12":{"start":{"line":25,"column":17},"end":{"line":25,"column":40}},"13":{"start":{"line":26,"column":4},"end":{"line":29,"column":5}},"14":{"start":{"line":27,"column":6},"end":{"line":27,"column":45}},"15":{"start":{"line":28,"column":6},"end":{"line":28,"column":13}},"16":{"start":{"line":30,"column":4},"end":{"line":30,"column":31}},"17":{"start":{"line":32,"column":4},"end":{"line":32,"column":48}},"18":{"start":{"line":33,"column":4},"end":{"line":33,"column":65}},"19":{"start":{"line":38,"column":23},"end":{"line":46,"column":2}},"20":{"start":{"line":38,"column":76},"end":{"line":46,"column":2}},"21":{"start":{"line":39,"column":2},"end":{"line":45,"column":3}},"22":{"start":{"line":40,"column":22},"end":{"line":40,"column":32}},"23":{"start":{"line":41,"column":17},"end":{"line":41,"column":46}},"24":{"start":{"line":42,"column":4},"end":{"line":42,"column":31}},"25":{"start":{"line":44,"column":4},"end":{"line":44,"column":57}},"26":{"start":{"line":49,"column":19},"end":{"line":79,"column":2}},"27":{"start":{"line":49,"column":72},"end":{"line":79,"column":2}},"28":{"start":{"line":50,"column":2},"end":{"line":78,"column":3}},"29":{"start":{"line":51,"column":19},"end":{"line":51,"column":27}},"30":{"start":{"line":52,"column":38},"end":{"line":52,"column":51}},"31":{"start":{"line":54,"column":4},"end":{"line":58,"column":5}},"32":{"start":{"line":56,"column":6},"end":{"line":56,"column":99}},"33":{"start":{"line":57,"column":6},"end":{"line":57,"column":13}},"34":{"start":{"line":60,"column":17},"end":{"line":60,"column":41}},"35":{"start":{"line":61,"column":30},"end":{"line":61,"column":63}},"36":{"start":{"line":63,"column":24},"end":{"line":66,"column":null}},"37":{"start":{"line":69,"column":4},"end":{"line":72,"column":5}},"38":{"start":{"line":70,"column":6},"end":{"line":70,"column":45}},"39":{"start":{"line":71,"column":6},"end":{"line":71,"column":13}},"40":{"start":{"line":74,"column":4},"end":{"line":74,"column":38}},"41":{"start":{"line":76,"column":4},"end":{"line":76,"column":47}},"42":{"start":{"line":77,"column":4},"end":{"line":77,"column":64}},"43":{"start":{"line":83,"column":19},"end":{"line":99,"column":2}},"44":{"start":{"line":83,"column":72},"end":{"line":99,"column":2}},"45":{"start":{"line":84,"column":2},"end":{"line":98,"column":3}},"46":{"start":{"line":87,"column":24},"end":{"line":87,"column":67}},"47":{"start":{"line":89,"column":4},"end":{"line":92,"column":5}},"48":{"start":{"line":90,"column":6},"end":{"line":90,"column":45}},"49":{"start":{"line":91,"column":6},"end":{"line":91,"column":13}},"50":{"start":{"line":94,"column":4},"end":{"line":94,"column":67}},"51":{"start":{"line":96,"column":4},"end":{"line":96,"column":47}},"52":{"start":{"line":97,"column":4},"end":{"line":97,"column":64}},"53":{"start":{"line":102,"column":25},"end":{"line":139,"column":2}},"54":{"start":{"line":102,"column":84},"end":{"line":139,"column":2}},"55":{"start":{"line":103,"column":4},"end":{"line":103,"column":44}},"56":{"start":{"line":104,"column":30},"end":{"line":104,"column":40}},"57":{"start":{"line":106,"column":4},"end":{"line":110,"column":5}},"58":{"start":{"line":107,"column":6},"end":{"line":107,"column":34}},"59":{"start":{"line":108,"column":6},"end":{"line":108,"column":75}},"60":{"start":{"line":109,"column":6},"end":{"line":109,"column":13}},"61":{"start":{"line":112,"column":38},"end":{"line":112,"column":51}},"62":{"start":{"line":114,"column":4},"end":{"line":117,"column":5}},"63":{"start":{"line":115,"column":6},"end":{"line":115,"column":99}},"64":{"start":{"line":116,"column":6},"end":{"line":116,"column":13}},"65":{"start":{"line":119,"column":4},"end":{"line":138,"column":3}},"66":{"start":{"line":120,"column":19},"end":{"line":120,"column":43}},"67":{"start":{"line":121,"column":32},"end":{"line":121,"column":65}},"68":{"start":{"line":123,"column":26},"end":{"line":126,"column":null}},"69":{"start":{"line":129,"column":6},"end":{"line":132,"column":7}},"70":{"start":{"line":130,"column":8},"end":{"line":130,"column":47}},"71":{"start":{"line":131,"column":8},"end":{"line":131,"column":15}},"72":{"start":{"line":134,"column":6},"end":{"line":134,"column":40}},"73":{"start":{"line":136,"column":4},"end":{"line":136,"column":53}},"74":{"start":{"line":137,"column":4},"end":{"line":137,"column":70}},"75":{"start":{"line":142,"column":19},"end":{"line":155,"column":2}},"76":{"start":{"line":142,"column":78},"end":{"line":155,"column":2}},"77":{"start":{"line":143,"column":2},"end":{"line":154,"column":3}},"78":{"start":{"line":144,"column":30},"end":{"line":144,"column":40}},"79":{"start":{"line":145,"column":17},"end":{"line":145,"column":51}},"80":{"start":{"line":146,"column":4},"end":{"line":149,"column":5}},"81":{"start":{"line":147,"column":6},"end":{"line":147,"column":45}},"82":{"start":{"line":148,"column":6},"end":{"line":148,"column":13}},"83":{"start":{"line":150,"column":4},"end":{"line":150,"column":37}},"84":{"start":{"line":152,"column":4},"end":{"line":152,"column":47}},"85":{"start":{"line":153,"column":4},"end":{"line":153,"column":64}},"86":{"start":{"line":158,"column":0},"end":{"line":166,"column":2}}},"fnMap":{"0":{"name":"(anonymous_8)","decl":{"start":{"line":13,"column":20},"end":{"line":13,"column":27}},"loc":{"start":{"line":13,"column":73},"end":{"line":20,"column":2}}},"1":{"name":"(anonymous_9)","decl":{"start":{"line":13,"column":73},"end":{"line":13,"column":null}},"loc":{"start":{"line":13,"column":73},"end":{"line":20,"column":1}}},"2":{"name":"(anonymous_10)","decl":{"start":{"line":22,"column":20},"end":{"line":22,"column":27}},"loc":{"start":{"line":22,"column":73},"end":{"line":35,"column":2}}},"3":{"name":"(anonymous_11)","decl":{"start":{"line":22,"column":73},"end":{"line":22,"column":null}},"loc":{"start":{"line":22,"column":73},"end":{"line":35,"column":1}}},"4":{"name":"(anonymous_12)","decl":{"start":{"line":38,"column":23},"end":{"line":38,"column":30}},"loc":{"start":{"line":38,"column":76},"end":{"line":46,"column":2}}},"5":{"name":"(anonymous_13)","decl":{"start":{"line":38,"column":76},"end":{"line":38,"column":null}},"loc":{"start":{"line":38,"column":76},"end":{"line":46,"column":1}}},"6":{"name":"(anonymous_14)","decl":{"start":{"line":49,"column":19},"end":{"line":49,"column":26}},"loc":{"start":{"line":49,"column":72},"end":{"line":79,"column":2}}},"7":{"name":"(anonymous_15)","decl":{"start":{"line":49,"column":72},"end":{"line":49,"column":null}},"loc":{"start":{"line":49,"column":72},"end":{"line":79,"column":1}}},"8":{"name":"(anonymous_16)","decl":{"start":{"line":83,"column":19},"end":{"line":83,"column":26}},"loc":{"start":{"line":83,"column":72},"end":{"line":99,"column":2}}},"9":{"name":"(anonymous_17)","decl":{"start":{"line":83,"column":72},"end":{"line":83,"column":null}},"loc":{"start":{"line":83,"column":72},"end":{"line":99,"column":1}}},"10":{"name":"(anonymous_18)","decl":{"start":{"line":102,"column":25},"end":{"line":102,"column":32}},"loc":{"start":{"line":102,"column":84},"end":{"line":139,"column":2}}},"11":{"name":"(anonymous_19)","decl":{"start":{"line":102,"column":84},"end":{"line":102,"column":null}},"loc":{"start":{"line":102,"column":84},"end":{"line":139,"column":1}}},"12":{"name":"(anonymous_20)","decl":{"start":{"line":142,"column":19},"end":{"line":142,"column":26}},"loc":{"start":{"line":142,"column":78},"end":{"line":155,"column":2}}},"13":{"name":"(anonymous_21)","decl":{"start":{"line":142,"column":78},"end":{"line":142,"column":null}},"loc":{"start":{"line":142,"column":78},"end":{"line":155,"column":1}}}},"branchMap":{"0":{"loc":{"start":{"line":26,"column":4},"end":{"line":29,"column":5}},"type":"if","locations":[{"start":{"line":26,"column":4},"end":{"line":29,"column":5}}]},"1":{"loc":{"start":{"line":54,"column":4},"end":{"line":58,"column":5}},"type":"if","locations":[{"start":{"line":54,"column":4},"end":{"line":58,"column":5}}]},"2":{"loc":{"start":{"line":54,"column":8},"end":{"line":54,"column":36}},"type":"binary-expr","locations":[{"start":{"line":54,"column":8},"end":{"line":54,"column":13}},{"start":{"line":54,"column":17},"end":{"line":54,"column":23}},{"start":{"line":54,"column":27},"end":{"line":54,"column":36}}]},"3":{"loc":{"start":{"line":69,"column":4},"end":{"line":72,"column":5}},"type":"if","locations":[{"start":{"line":69,"column":4},"end":{"line":72,"column":5}}]},"4":{"loc":{"start":{"line":89,"column":4},"end":{"line":92,"column":5}},"type":"if","locations":[{"start":{"line":89,"column":4},"end":{"line":92,"column":5}}]},"5":{"loc":{"start":{"line":106,"column":4},"end":{"line":110,"column":5}},"type":"if","locations":[{"start":{"line":106,"column":4},"end":{"line":110,"column":5}}]},"6":{"loc":{"start":{"line":114,"column":4},"end":{"line":117,"column":5}},"type":"if","locations":[{"start":{"line":114,"column":4},"end":{"line":117,"column":5}}]},"7":{"loc":{"start":{"line":114,"column":8},"end":{"line":114,"column":36}},"type":"binary-expr","locations":[{"start":{"line":114,"column":8},"end":{"line":114,"column":13}},{"start":{"line":114,"column":17},"end":{"line":114,"column":23}},{"start":{"line":114,"column":27},"end":{"line":114,"column":36}}]},"8":{"loc":{"start":{"line":129,"column":6},"end":{"line":132,"column":7}},"type":"if","locations":[{"start":{"line":129,"column":6},"end":{"line":132,"column":7}}]},"9":{"loc":{"start":{"line":146,"column":4},"end":{"line":149,"column":5}},"type":"if","locations":[{"start":{"line":146,"column":4},"end":{"line":149,"column":5}}]}},"s":{"0":4,"1":4,"2":4,"3":4,"4":4,"5":4,"6":4,"7":0,"8":4,"9":0,"10":0,"11":0,"12":0,"13":0,"14":0,"15":0,"16":0,"17":0,"18":0,"19":4,"20":2,"21":2,"22":2,"23":2,"24":2,"25":0,"26":4,"27":1,"28":1,"29":1,"30":1,"31":1,"32":0,"33":0,"34":1,"35":1,"36":1,"37":1,"38":0,"39":0,"40":1,"41":0,"42":0,"43":4,"44":0,"45":0,"46":0,"47":0,"48":0,"49":0,"50":0,"51":0,"52":0,"53":4,"54":1,"55":1,"56":1,"57":1,"58":0,"59":0,"60":0,"61":1,"62":1,"63":0,"64":0,"65":1,"66":1,"67":1,"68":1,"69":1,"70":0,"71":0,"72":1,"73":0,"74":0,"75":4,"76":0,"77":0,"78":0,"79":0,"80":0,"81":0,"82":0,"83":0,"84":0,"85":0,"86":4},"f":{"0":4,"1":4,"2":0,"3":0,"4":2,"5":2,"6":1,"7":1,"8":0,"9":0,"10":1,"11":1,"12":0,"13":0},"b":{"0":[0],"1":[0],"2":[1,0,0],"3":[0],"4":[0],"5":[0],"6":[0],"7":[1,0,0],"8":[0],"9":[0]}}
,"C:\\Users\\amnav\\Desktop\\year G\\BookApp\\BookAPP\\src\\models\\book_model.ts": {"path":"C:\\Users\\amnav\\Desktop\\year G\\BookApp\\BookAPP\\src\\models\\book_model.ts","statementMap":{"0":{"start":{"line":1,"column":0},"end":{"line":1,"column":32}},"1":{"start":{"line":17,"column":19},"end":{"line":61,"column":2}},"2":{"start":{"line":63,"column":13},"end":{"line":63,"column":67}},"3":{"start":{"line":64,"column":0},"end":{"line":64,"column":25}}},"fnMap":{},"branchMap":{},"s":{"0":4,"1":4,"2":4,"3":4},"f":{},"b":{}}
,"C:\\Users\\amnav\\Desktop\\year G\\BookApp\\BookAPP\\src\\models\\review_model.ts": {"path":"C:\\Users\\amnav\\Desktop\\year G\\BookApp\\BookAPP\\src\\models\\review_model.ts","statementMap":{"0":{"start":{"line":1,"column":0},"end":{"line":1,"column":32}},"1":{"start":{"line":11,"column":21},"end":{"line":32,"column":2}},"2":{"start":{"line":18,"column":19},"end":{"line":18,"column":29}},"3":{"start":{"line":34,"column":13},"end":{"line":34,"column":75}},"4":{"start":{"line":35,"column":0},"end":{"line":35,"column":27}}},"fnMap":{"0":{"name":"(anonymous_1)","decl":{"start":{"line":18,"column":13},"end":{"line":18,"column":16}},"loc":{"start":{"line":18,"column":19},"end":{"line":18,"column":29}}}},"branchMap":{},"s":{"0":4,"1":4,"2":0,"3":4,"4":4},"f":{"0":0},"b":{}}
,"C:\\Users\\amnav\\Desktop\\year G\\BookApp\\BookAPP\\src\\models\\user_model.ts": {"path":"C:\\Users\\amnav\\Desktop\\year G\\BookApp\\BookAPP\\src\\models\\user_model.ts","statementMap":{"0":{"start":{"line":1,"column":0},"end":{"line":1,"column":32}},"1":{"start":{"line":15,"column":19},"end":{"line":46,"column":2}},"2":{"start":{"line":48,"column":0},"end":{"line":48,"column":57}}},"fnMap":{},"branchMap":{},"s":{"0":4,"1":4,"2":4},"f":{},"b":{}}
,"C:\\Users\\amnav\\Desktop\\year G\\BookApp\\BookAPP\\src\\routes\\auth_route.ts": {"path":"C:\\Users\\amnav\\Desktop\\year G\\BookApp\\BookAPP\\src\\routes\\auth_route.ts","statementMap":{"0":{"start":{"line":1,"column":0},"end":{"line":1,"column":30}},"1":{"start":{"line":2,"column":15},"end":{"line":2,"column":31}},"2":{"start":{"line":3,"column":0},"end":{"line":3,"column":60}},"3":{"start":{"line":4,"column":0},"end":{"line":4,"column":42}},"4":{"start":{"line":78,"column":0},"end":{"line":78,"column":75}},"5":{"start":{"line":124,"column":0},"end":{"line":124,"column":44}},"6":{"start":{"line":142,"column":0},"end":{"line":142,"column":45}},"7":{"start":{"line":162,"column":0},"end":{"line":162,"column":47}},"8":{"start":{"line":164,"column":0},"end":{"line":164,"column":22}}},"fnMap":{},"branchMap":{},"s":{"0":4,"1":4,"2":4,"3":4,"4":4,"5":4,"6":4,"7":4,"8":4},"f":{},"b":{}}
,"C:\\Users\\amnav\\Desktop\\year G\\BookApp\\BookAPP\\src\\routes\\book_routes.ts": {"path":"C:\\Users\\amnav\\Desktop\\year G\\BookApp\\BookAPP\\src\\routes\\book_routes.ts","statementMap":{"0":{"start":{"line":1,"column":0},"end":{"line":1,"column":30}},"1":{"start":{"line":2,"column":15},"end":{"line":2,"column":31}},"2":{"start":{"line":3,"column":0},"end":{"line":3,"column":60}},"3":{"start":{"line":4,"column":0},"end":{"line":4,"column":55}},"4":{"start":{"line":5,"column":0},"end":{"line":5,"column":59}},"5":{"start":{"line":6,"column":0},"end":{"line":6,"column":57}},"6":{"start":{"line":7,"column":0},"end":{"line":7,"column":56}},"7":{"start":{"line":109,"column":0},"end":{"line":109,"column":57}},"8":{"start":{"line":136,"column":0},"end":{"line":136,"column":64}},"9":{"start":{"line":174,"column":0},"end":{"line":174,"column":107}},"10":{"start":{"line":208,"column":0},"end":{"line":208,"column":113}},"11":{"start":{"line":245,"column":0},"end":{"line":245,"column":108}},"12":{"start":{"line":272,"column":0},"end":{"line":272,"column":100}},"13":{"start":{"line":302,"column":0},"end":{"line":302,"column":90}},"14":{"start":{"line":304,"column":0},"end":{"line":304,"column":94}},"15":{"start":{"line":306,"column":0},"end":{"line":306,"column":22}}},"fnMap":{},"branchMap":{},"s":{"0":4,"1":4,"2":4,"3":4,"4":4,"5":4,"6":4,"7":4,"8":4,"9":4,"10":4,"11":4,"12":4,"13":4,"14":4,"15":4},"f":{},"b":{}}
,"C:\\Users\\amnav\\Desktop\\year G\\BookApp\\BookAPP\\src\\routes\\review_routes.ts": {"path":"C:\\Users\\amnav\\Desktop\\year G\\BookApp\\BookAPP\\src\\routes\\review_routes.ts","statementMap":{"0":{"start":{"line":1,"column":0},"end":{"line":1,"column":30}},"1":{"start":{"line":2,"column":15},"end":{"line":2,"column":31}},"2":{"start":{"line":3,"column":0},"end":{"line":3,"column":64}},"3":{"start":{"line":4,"column":0},"end":{"line":4,"column":55}},"4":{"start":{"line":187,"column":0},"end":{"line":187,"column":61}},"5":{"start":{"line":189,"column":0},"end":{"line":189,"column":68}},"6":{"start":{"line":191,"column":0},"end":{"line":191,"column":78}},"7":{"start":{"line":193,"column":0},"end":{"line":193,"column":83}},"8":{"start":{"line":195,"column":0},"end":{"line":195,"column":89}},"9":{"start":{"line":197,"column":0},"end":{"line":197,"column":22}}},"fnMap":{},"branchMap":{},"s":{"0":4,"1":4,"2":4,"3":4,"4":4,"5":4,"6":4,"7":4,"8":4,"9":4},"f":{},"b":{}}
,"C:\\Users\\amnav\\Desktop\\year G\\BookApp\\BookAPP\\src\\routes\\user_route.ts": {"path":"C:\\Users\\amnav\\Desktop\\year G\\BookApp\\BookAPP\\src\\routes\\user_route.ts","statementMap":{"0":{"start":{"line":1,"column":0},"end":{"line":1,"column":30}},"1":{"start":{"line":2,"column":0},"end":{"line":2,"column":60}},"2":{"start":{"line":3,"column":0},"end":{"line":3,"column":55}},"3":{"start":{"line":4,"column":0},"end":{"line":4,"column":77}},"4":{"start":{"line":5,"column":0},"end":{"line":5,"column":57}},"5":{"start":{"line":7,"column":15},"end":{"line":7,"column":31}},"6":{"start":{"line":271,"column":0},"end":{"line":271,"column":22}},"7":{"start":{"line":274,"column":0},"end":{"line":274,"column":74}},"8":{"start":{"line":275,"column":0},"end":{"line":275,"column":67}},"9":{"start":{"line":276,"column":0},"end":{"line":276,"column":107}},"10":{"start":{"line":277,"column":0},"end":{"line":277,"column":105}},"11":{"start":{"line":278,"column":0},"end":{"line":278,"column":62}},"12":{"start":{"line":279,"column":0},"end":{"line":279,"column":86}},"13":{"start":{"line":280,"column":0},"end":{"line":280,"column":77}},"14":{"start":{"line":281,"column":0},"end":{"line":281,"column":79}}},"fnMap":{},"branchMap":{},"s":{"0":4,"1":4,"2":4,"3":4,"4":4,"5":4,"6":4,"7":4,"8":4,"9":4,"10":4,"11":4,"12":4,"13":4,"14":4},"f":{},"b":{}}
}
