TN:
SF:src\app.ts
FN:10,(anonymous_1)
FN:11,(anonymous_2)
FN:13,(anonymous_3)
FN:14,(anonymous_4)
FN:16,(anonymous_5)
FNF:5
FNH:4
FNDA:1,(anonymous_1)
FNDA:1,(anonymous_2)
FNDA:1,(anonymous_3)
FNDA:0,(anonymous_4)
FNDA:1,(anonymous_5)
DA:1,1
DA:2,1
DA:3,1
DA:4,1
DA:5,1
DA:6,1
DA:7,1
DA:10,1
DA:11,1
DA:12,1
DA:13,1
DA:14,1
DA:15,1
DA:16,1
DA:17,1
DA:18,1
DA:19,1
DA:21,1
DA:22,1
DA:23,1
DA:26,1
DA:29,1
LF:22
LH:22
BRF:0
BRH:0
end_of_record
TN:
SF:src\controllers\base_controller.ts
FN:7,(anonymous_7)
FN:11,(anonymous_8)
FN:26,(anonymous_10)
FN:36,(anonymous_12)
FN:47,(anonymous_14)
FN:59,(anonymous_16)
FN:71,(anonymous_18)
FNF:7
FNH:4
FNDA:2,(anonymous_7)
FNDA:2,(anonymous_8)
FNDA:0,(anonymous_10)
FNDA:2,(anonymous_12)
FNDA:0,(anonymous_14)
FNDA:0,(anonymous_16)
FNDA:2,(anonymous_18)
DA:8,2
DA:12,2
DA:13,2
DA:14,2
DA:15,0
DA:16,0
DA:18,2
DA:19,2
DA:22,0
DA:27,0
DA:28,0
DA:29,0
DA:30,0
DA:32,0
DA:37,2
DA:38,2
DA:39,2
DA:40,2
DA:42,0
DA:43,0
DA:48,0
DA:49,0
DA:50,0
DA:51,0
DA:52,0
DA:54,0
DA:55,0
DA:60,0
DA:61,0
DA:62,0
DA:63,0
DA:65,0
DA:66,0
DA:71,1
DA:72,2
DA:75,1
LF:36
LH:13
BRDA:14,0,0,0
BRDA:14,0,1,2
BRF:2
BRH:1
end_of_record
TN:
SF:src\controllers\book_controller.ts
FNF:0
FNH:0
DA:1,1
DA:2,1
DA:4,1
DA:6,1
LF:4
LH:4
BRF:0
BRH:0
end_of_record
TN:
SF:src\controllers\book_post_controller.ts
FNF:0
FNH:0
DA:1,1
DA:2,1
DA:4,1
DA:6,1
LF:4
LH:4
BRF:0
BRH:0
end_of_record
TN:
SF:src\models\book_model.ts
FNF:0
FNH:0
DA:1,1
DA:16,1
DA:62,1
LF:3
LH:3
BRF:0
BRH:0
end_of_record
TN:
SF:src\models\book_post_model.ts
FNF:0
FNH:0
DA:1,1
DA:10,1
DA:30,1
LF:3
LH:3
BRF:0
BRH:0
end_of_record
TN:
SF:src\routes\book_post_routes.ts
FNF:0
FNH:0
DA:1,1
DA:2,1
DA:3,1
DA:5,1
DA:7,1
DA:9,1
DA:11,1
DA:13,1
DA:15,1
LF:9
LH:9
BRF:0
BRH:0
end_of_record
TN:
SF:src\routes\book_routes.ts
FNF:0
FNH:0
DA:1,1
DA:2,1
DA:3,1
DA:5,1
DA:7,1
DA:9,1
DA:11,1
DA:13,1
DA:15,1
LF:9
LH:9
BRF:0
BRH:0
end_of_record
