TN:
SF:src\app.ts
FN:12,(anonymous_1)
FN:13,(anonymous_2)
FN:15,(anonymous_3)
FN:16,(anonymous_4)
FN:18,(anonymous_5)
FNF:5
FNH:4
FNDA:4,(anonymous_1)
FNDA:4,(anonymous_2)
FNDA:4,(anonymous_3)
FNDA:0,(anonymous_4)
FNDA:4,(anonymous_5)
DA:1,4
DA:2,4
DA:3,4
DA:4,4
DA:5,4
DA:6,4
DA:7,4
DA:8,4
DA:9,4
DA:12,4
DA:13,4
DA:14,4
DA:15,4
DA:16,4
DA:17,4
DA:18,4
DA:19,4
DA:20,4
DA:21,4
DA:23,4
DA:24,4
DA:25,4
DA:26,4
DA:27,4
DA:30,4
DA:33,4
LF:26
LH:26
BRF:0
BRH:0
end_of_record
TN:
SF:src\common\admin_middleware.ts
FN:9,(anonymous_8)
FN:9,(anonymous_9)
FNF:2
FNH:2
FNDA:9,(anonymous_8)
FNDA:9,(anonymous_9)
DA:2,4
DA:3,4
DA:9,9
DA:10,9
DA:11,9
DA:12,9
DA:13,0
DA:16,9
DA:17,9
DA:19,9
DA:20,9
DA:22,7
DA:27,2
DA:34,4
LF:14
LH:13
BRDA:11,0,0,9
BRDA:11,0,1,9
BRDA:12,1,0,0
BRDA:20,2,0,7
BRDA:20,2,1,2
BRF:5
BRH:4
end_of_record
TN:
SF:src\common\auth_middleware.ts
FN:16,(anonymous_8)
FN:16,(anonymous_9)
FN:22,(anonymous_10)
FNF:3
FNH:3
FNDA:27,(anonymous_8)
FNDA:27,(anonymous_9)
FNDA:26,(anonymous_10)
DA:2,4
DA:16,27
DA:17,27
DA:18,27
DA:19,27
DA:21,26
DA:22,26
DA:23,26
DA:25,2
DA:28,24
DA:29,24
DA:30,24
DA:31,24
DA:34,0
DA:35,0
DA:38,4
LF:16
LH:14
BRDA:18,0,0,27
BRDA:18,0,1,26
BRDA:19,1,0,1
BRDA:23,2,0,2
BRDA:29,3,0,24
BRDA:29,3,1,24
BRF:6
BRH:6
end_of_record
TN:
SF:src\common\author_middleware.ts
FN:9,(anonymous_8)
FN:9,(anonymous_9)
FNF:2
FNH:2
FNDA:3,(anonymous_8)
FNDA:3,(anonymous_9)
DA:2,4
DA:3,4
DA:9,4
DA:10,3
DA:11,3
DA:12,3
DA:13,0
DA:16,3
DA:17,3
DA:19,3
DA:21,3
DA:23,2
DA:27,1
DA:34,4
LF:14
LH:13
BRDA:11,0,0,3
BRDA:11,0,1,3
BRDA:12,1,0,0
BRDA:21,2,0,2
BRDA:21,2,1,1
BRF:5
BRH:4
end_of_record
TN:
SF:src\common\veifyUserOwenr_midleeware.ts
FN:10,(anonymous_8)
FN:10,(anonymous_9)
FNF:2
FNH:2
FNDA:2,(anonymous_8)
FNDA:2,(anonymous_9)
DA:2,4
DA:10,4
DA:11,2
DA:12,2
DA:13,2
DA:14,2
DA:15,2
DA:16,2
DA:17,0
DA:18,0
DA:21,2
DA:22,2
DA:24,2
DA:25,1
DA:26,1
DA:30,1
DA:32,0
DA:33,0
DA:37,4
LF:19
LH:15
BRDA:13,0,0,0
BRDA:13,0,1,2
BRDA:13,1,0,2
BRDA:13,1,1,2
BRDA:16,2,0,0
BRDA:16,3,0,2
BRDA:16,3,1,2
BRDA:24,4,0,1
BRDA:24,5,0,2
BRDA:24,5,1,2
BRF:10
BRH:8
end_of_record
TN:
SF:src\common\verifyOwnerBook.ts
FN:9,(anonymous_8)
FN:9,(anonymous_9)
FNF:2
FNH:2
FNDA:2,(anonymous_8)
FNDA:2,(anonymous_9)
DA:2,4
DA:3,4
DA:9,4
DA:10,2
DA:11,2
DA:12,2
DA:13,2
DA:14,0
DA:17,2
DA:20,2
DA:21,0
DA:24,2
DA:25,2
DA:27,2
DA:30,2
DA:31,1
DA:34,1
DA:36,0
DA:37,0
DA:41,4
LF:20
LH:16
BRDA:12,0,0,2
BRDA:12,0,1,2
BRDA:13,1,0,0
BRDA:20,2,0,0
BRDA:30,3,0,1
BRDA:30,4,0,2
BRDA:30,4,1,2
BRF:7
BRH:5
end_of_record
TN:
SF:src\controllers\auth_controller.ts
FN:6,(anonymous_8)
FN:6,(anonymous_9)
FN:28,(anonymous_10)
FN:28,(anonymous_11)
FN:62,(anonymous_12)
FN:62,(anonymous_13)
FN:66,(anonymous_14)
FN:66,(anonymous_15)
FN:76,(anonymous_16)
FN:86,(anonymous_17)
FN:86,(anonymous_18)
FN:90,(anonymous_19)
FN:90,(anonymous_20)
FN:105,(anonymous_21)
FNF:14
FNH:9
FNDA:10,(anonymous_8)
FNDA:10,(anonymous_9)
FNDA:8,(anonymous_10)
FNDA:8,(anonymous_11)
FNDA:0,(anonymous_12)
FNDA:0,(anonymous_13)
FNDA:0,(anonymous_14)
FNDA:0,(anonymous_15)
FNDA:0,(anonymous_16)
FNDA:3,(anonymous_17)
FNDA:3,(anonymous_18)
FNDA:3,(anonymous_19)
FNDA:3,(anonymous_20)
FNDA:1,(anonymous_21)
DA:2,4
DA:3,4
DA:4,4
DA:6,10
DA:7,10
DA:8,10
DA:9,10
DA:10,10
DA:11,10
DA:12,1
DA:14,9
DA:15,9
DA:16,9
DA:17,1
DA:19,8
DA:20,8
DA:21,8
DA:22,8
DA:24,0
DA:28,8
DA:29,8
DA:30,8
DA:31,8
DA:32,0
DA:34,8
DA:35,8
DA:36,8
DA:37,0
DA:39,8
DA:40,8
DA:41,0
DA:44,8
DA:45,8
DA:46,8
DA:47,0
DA:49,8
DA:51,8
DA:52,8
DA:57,0
DA:62,4
DA:63,0
DA:64,0
DA:65,0
DA:66,0
DA:67,0
DA:68,0
DA:69,0
DA:70,0
DA:71,0
DA:72,0
DA:73,0
DA:74,0
DA:76,0
DA:77,0
DA:78,0
DA:81,0
DA:86,4
DA:87,3
DA:88,3
DA:89,3
DA:90,3
DA:91,3
DA:92,0
DA:93,0
DA:96,3
DA:97,3
DA:98,3
DA:99,2
DA:100,2
DA:101,2
DA:103,1
DA:104,1
DA:105,1
DA:106,1
DA:107,1
DA:108,1
DA:113,0
DA:119,4
LF:78
LH:53
BRDA:11,0,0,1
BRDA:11,1,0,10
BRDA:11,1,1,10
BRDA:11,1,2,9
BRDA:11,1,3,9
BRDA:16,2,0,1
BRDA:31,3,0,0
BRDA:31,4,0,8
BRDA:31,4,1,8
BRDA:36,5,0,0
BRDA:40,6,0,0
BRDA:46,7,0,0
BRDA:46,7,1,8
BRDA:64,8,0,0
BRDA:64,8,1,0
BRDA:65,9,0,0
BRDA:68,10,0,0
BRDA:71,11,0,0
BRDA:71,11,1,0
BRDA:71,12,0,0
BRDA:71,12,1,0
BRDA:88,13,0,3
BRDA:88,13,1,3
BRDA:89,14,0,0
BRDA:91,15,0,0
BRDA:98,16,0,2
BRDA:98,17,0,3
BRDA:98,17,1,3
BRF:28
BRH:14
end_of_record
TN:
SF:src\controllers\base_controller.ts
FN:14,(anonymous_7)
FN:18,(anonymous_8)
FN:40,(anonymous_10)
FN:50,(anonymous_12)
FN:73,(anonymous_14)
FN:97,(anonymous_16)
FN:108,(anonymous_18)
FNF:7
FNH:3
FNDA:8,(anonymous_7)
FNDA:5,(anonymous_8)
FNDA:0,(anonymous_10)
FNDA:0,(anonymous_12)
FNDA:0,(anonymous_14)
FNDA:1,(anonymous_16)
FNDA:0,(anonymous_18)
DA:11,4
DA:15,8
DA:19,5
DA:20,5
DA:21,5
DA:22,0
DA:23,0
DA:25,5
DA:27,0
DA:28,0
DA:31,5
DA:32,5
DA:36,0
DA:41,0
DA:42,0
DA:43,0
DA:45,0
DA:52,0
DA:53,0
DA:58,0
DA:59,0
DA:60,0
DA:63,0
DA:65,0
DA:67,0
DA:68,0
DA:74,0
DA:75,0
DA:76,0
DA:77,0
DA:78,0
DA:79,0
DA:84,0
DA:85,0
DA:88,0
DA:89,0
DA:99,1
DA:100,1
DA:101,1
DA:103,0
DA:108,4
DA:109,0
DA:112,4
LF:43
LH:13
BRDA:21,0,0,0
BRDA:21,0,1,5
BRDA:25,1,0,0
BRDA:25,1,1,5
BRDA:25,2,0,5
BRDA:25,2,1,3
BRDA:58,3,0,0
BRF:7
BRH:4
end_of_record
TN:
SF:src\controllers\book_controller.ts
FN:10,(anonymous_8)
FN:16,(anonymous_9)
FN:56,(anonymous_11)
FNF:3
FNH:3
FNDA:4,(anonymous_8)
FNDA:4,(anonymous_9)
FNDA:1,(anonymous_11)
DA:1,4
DA:3,4
DA:6,4
DA:11,4
DA:17,4
DA:18,4
DA:19,4
DA:21,4
DA:26,4
DA:27,1
DA:28,1
DA:31,3
DA:33,3
DA:34,3
DA:36,3
DA:37,3
DA:38,3
DA:40,0
DA:41,0
DA:44,0
DA:45,0
DA:48,3
DA:50,0
DA:51,0
DA:57,1
DA:58,1
DA:59,1
DA:60,1
DA:61,1
DA:62,1
DA:63,1
DA:68,1
DA:69,1
DA:72,0
DA:73,0
DA:80,4
LF:36
LH:28
BRDA:26,0,0,1
BRDA:33,1,0,3
BRDA:33,1,1,0
BRDA:36,2,0,3
BRDA:36,2,1,0
BRF:5
BRH:3
end_of_record
TN:
SF:src\controllers\review_controller.ts
FN:9,(anonymous_8)
FN:13,(anonymous_9)
FN:44,(anonymous_11)
FN:51,(anonymous_12)
FNF:4
FNH:3
FNDA:4,(anonymous_8)
FNDA:2,(anonymous_9)
FNDA:0,(anonymous_11)
FNDA:1,(anonymous_12)
DA:1,4
DA:2,4
DA:5,4
DA:10,4
DA:14,2
DA:15,2
DA:16,2
DA:17,2
DA:18,2
DA:19,2
DA:20,2
DA:21,2
DA:23,2
DA:24,2
DA:25,2
DA:26,2
DA:27,2
DA:28,2
DA:29,1
DA:31,2
DA:32,2
DA:33,2
DA:35,0
DA:36,0
DA:39,0
DA:40,0
DA:45,0
DA:52,1
DA:53,1
DA:54,1
DA:56,1
DA:57,0
DA:58,0
DA:61,1
DA:63,1
DA:64,0
DA:65,0
DA:68,1
DA:69,1
DA:71,1
DA:73,0
DA:78,4
LF:42
LH:32
BRDA:23,0,0,2
BRDA:23,0,1,0
BRDA:26,1,0,2
BRDA:26,1,1,0
BRDA:28,2,0,1
BRDA:56,3,0,0
BRDA:63,4,0,0
BRF:7
BRH:3
end_of_record
TN:
SF:src\controllers\user_controller.ts
FN:12,(anonymous_8)
FN:12,(anonymous_9)
FN:21,(anonymous_10)
FN:21,(anonymous_11)
FN:37,(anonymous_12)
FN:37,(anonymous_13)
FN:47,(anonymous_14)
FN:47,(anonymous_15)
FN:81,(anonymous_16)
FN:81,(anonymous_17)
FN:100,(anonymous_18)
FN:100,(anonymous_19)
FN:140,(anonymous_20)
FN:140,(anonymous_21)
FNF:14
FNH:8
FNDA:3,(anonymous_8)
FNDA:3,(anonymous_9)
FNDA:0,(anonymous_10)
FNDA:0,(anonymous_11)
FNDA:2,(anonymous_12)
FNDA:2,(anonymous_13)
FNDA:1,(anonymous_14)
FNDA:1,(anonymous_15)
FNDA:0,(anonymous_16)
FNDA:0,(anonymous_17)
FNDA:1,(anonymous_18)
FNDA:1,(anonymous_19)
FNDA:0,(anonymous_20)
FNDA:0,(anonymous_21)
DA:2,4
DA:3,4
DA:12,4
DA:13,3
DA:14,3
DA:15,3
DA:17,0
DA:21,4
DA:22,0
DA:23,0
DA:24,0
DA:25,0
DA:26,0
DA:27,0
DA:29,0
DA:31,0
DA:32,0
DA:37,4
DA:38,2
DA:39,2
DA:40,2
DA:41,2
DA:43,0
DA:47,4
DA:48,1
DA:49,1
DA:50,1
DA:52,1
DA:54,0
DA:55,0
DA:58,1
DA:59,1
DA:61,1
DA:67,1
DA:68,0
DA:69,0
DA:72,1
DA:74,0
DA:75,0
DA:81,4
DA:82,0
DA:85,0
DA:87,0
DA:88,0
DA:89,0
DA:92,0
DA:94,0
DA:95,0
DA:100,4
DA:101,1
DA:102,1
DA:104,1
DA:105,0
DA:106,0
DA:107,0
DA:110,1
DA:112,1
DA:113,0
DA:114,0
DA:117,1
DA:118,1
DA:119,1
DA:121,1
DA:127,1
DA:128,0
DA:129,0
DA:132,1
DA:134,0
DA:135,0
DA:140,4
DA:141,0
DA:142,0
DA:143,0
DA:144,0
DA:145,0
DA:146,0
DA:148,0
DA:150,0
DA:151,0
DA:156,4
LF:80
LH:37
BRDA:25,0,0,0
BRDA:52,1,0,0
BRDA:52,2,0,1
BRDA:52,2,1,0
BRDA:52,2,2,0
BRDA:67,3,0,0
BRDA:87,4,0,0
BRDA:104,5,0,0
BRDA:112,6,0,0
BRDA:112,7,0,1
BRDA:112,7,1,0
BRDA:112,7,2,0
BRDA:127,8,0,0
BRDA:144,9,0,0
BRF:14
BRH:2
end_of_record
TN:
SF:src\models\book_model.ts
FNF:0
FNH:0
DA:1,4
DA:16,4
DA:63,4
LF:3
LH:3
BRF:0
BRH:0
end_of_record
TN:
SF:src\models\review_model.ts
FNF:0
FNH:0
DA:1,4
DA:11,4
DA:34,4
LF:3
LH:3
BRF:0
BRH:0
end_of_record
TN:
SF:src\models\user_model.ts
FNF:0
FNH:0
DA:1,4
DA:15,4
DA:48,4
LF:3
LH:3
BRF:0
BRH:0
end_of_record
TN:
SF:src\routes\auth_route.ts
FNF:0
FNH:0
DA:1,4
DA:2,4
DA:3,4
DA:5,4
DA:6,4
DA:7,4
DA:8,4
DA:10,4
LF:8
LH:8
BRF:0
BRH:0
end_of_record
TN:
SF:src\routes\book_routes.ts
FNF:0
FNH:0
DA:1,4
DA:2,4
DA:3,4
DA:4,4
DA:5,4
DA:6,4
DA:7,4
DA:11,4
DA:12,4
DA:16,4
DA:17,4
DA:18,4
DA:21,4
DA:22,4
DA:23,4
DA:26,4
LF:16
LH:16
BRF:0
BRH:0
end_of_record
TN:
SF:src\routes\review_routes.ts
FNF:0
FNH:0
DA:1,4
DA:2,4
DA:3,4
DA:4,4
DA:7,4
DA:9,4
DA:11,4
DA:13,4
DA:15,4
DA:17,4
LF:10
LH:10
BRF:0
BRH:0
end_of_record
TN:
SF:src\routes\user_route.ts
FNF:0
FNH:0
DA:1,4
DA:2,4
DA:3,4
DA:4,4
DA:5,4
DA:7,4
DA:9,4
DA:10,4
DA:11,4
DA:12,4
DA:15,4
DA:16,4
DA:20,4
DA:25,4
DA:27,4
LF:15
LH:15
BRF:0
BRH:0
end_of_record
